2023-06-13T16:13:56.288+08:00	[32;1m stat [0m	CPU: 0m, MEMORY: Alloc=3.9Mi, TotalAlloc=6.3Mi, Sys=22.7Mi, NumGC=2	caller=stat/usage.go:61
2023-06-13T16:13:56.321+08:00	[32;1m stat [0m	(api) shedding_stat [1m], cpu: 0, total: 0, pass: 0, drop: 0	caller=load/sheddingstat.go:61
2023-06-13T16:14:56.280+08:00	[32;1m stat [0m	CPU: 0m, MEMORY: Alloc=3.9Mi, TotalAlloc=6.3Mi, Sys=22.7Mi, NumGC=2	caller=stat/usage.go:61
2023-06-13T16:14:56.312+08:00	[32;1m stat [0m	(api) shedding_stat [1m], cpu: 0, total: 0, pass: 0, drop: 0	caller=load/sheddingstat.go:61
2023-06-13T16:15:56.290+08:00	[32;1m stat [0m	CPU: 0m, MEMORY: Alloc=3.3Mi, TotalAlloc=6.3Mi, Sys=22.7Mi, NumGC=3	caller=stat/usage.go:61
2023-06-13T16:15:56.320+08:00	[32;1m stat [0m	(api) shedding_stat [1m], cpu: 0, total: 0, pass: 0, drop: 0	caller=load/sheddingstat.go:61
2023-06-13T16:18:24.778+08:00	[32;1m stat [0m	CPU: 0m, MEMORY: Alloc=3.6Mi, TotalAlloc=6.4Mi, Sys=18.5Mi, NumGC=3	caller=stat/usage.go:61
2023-06-13T16:18:24.795+08:00	[32;1m stat [0m	(api) shedding_stat [1m], cpu: 0, total: 4, pass: 4, drop: 0	caller=load/sheddingstat.go:61
2023-06-13T16:18:29.392+08:00	[32;1m stat [0m	(user) - qps: 0.1/s, drops: 0, avg time: 0.0ms, med: 0.0ms, 90th: 0.5ms, 99th: 0.5ms, 99.9th: 0.5ms	caller=stat/metrics.go:210
2023-06-13T16:19:24.772+08:00	[32;1m stat [0m	CPU: 0m, MEMORY: Alloc=3.6Mi, TotalAlloc=6.4Mi, Sys=18.5Mi, NumGC=3	caller=stat/usage.go:61
2023-06-13T16:19:24.802+08:00	[32;1m stat [0m	(api) shedding_stat [1m], cpu: 0, total: 0, pass: 0, drop: 0	caller=load/sheddingstat.go:61
2023-06-13T16:19:29.393+08:00	[32;1m stat [0m	(user) - qps: 0.0/s, drops: 0, avg time: 0.0ms, med: 0.0ms, 90th: 0.0ms, 99th: 0.0ms, 99.9th: 0.0ms	caller=stat/metrics.go:210
2023-06-13T16:20:24.781+08:00	[32;1m stat [0m	CPU: 0m, MEMORY: Alloc=3.3Mi, TotalAlloc=6.5Mi, Sys=18.8Mi, NumGC=4	caller=stat/usage.go:61
2023-06-13T16:20:24.796+08:00	[32;1m stat [0m	(api) shedding_stat [1m], cpu: 0, total: 0, pass: 0, drop: 0	caller=load/sheddingstat.go:61
2023-06-13T16:20:29.395+08:00	[32;1m stat [0m	(user) - qps: 0.0/s, drops: 0, avg time: 0.0ms, med: 0.0ms, 90th: 0.0ms, 99th: 0.0ms, 99.9th: 0.0ms	caller=stat/metrics.go:210
2023-06-13T16:22:18.523+08:00	[32;1m stat [0m	CPU: 0m, MEMORY: Alloc=3.8Mi, TotalAlloc=6.4Mi, Sys=18.0Mi, NumGC=2	caller=stat/usage.go:61
2023-06-13T16:22:18.553+08:00	[32;1m stat [0m	(api) shedding_stat [1m], cpu: 0, total: 2, pass: 2, drop: 0	caller=load/sheddingstat.go:61
2023-06-13T16:22:21.690+08:00	[32;1m stat [0m	(user) - qps: 0.0/s, drops: 0, avg time: 0.0ms, med: 0.1ms, 90th: 0.1ms, 99th: 0.1ms, 99.9th: 0.1ms	caller=stat/metrics.go:210
2023-06-13T16:23:18.529+08:00	[32;1m stat [0m	CPU: 0m, MEMORY: Alloc=3.9Mi, TotalAlloc=6.4Mi, Sys=18.0Mi, NumGC=2	caller=stat/usage.go:61
2023-06-13T16:23:18.544+08:00	[32;1m stat [0m	(api) shedding_stat [1m], cpu: 0, total: 0, pass: 0, drop: 0	caller=load/sheddingstat.go:61
2023-06-13T16:23:21.684+08:00	[32;1m stat [0m	(user) - qps: 0.0/s, drops: 0, avg time: 0.0ms, med: 0.0ms, 90th: 0.0ms, 99th: 0.0ms, 99.9th: 0.0ms	caller=stat/metrics.go:210
2023-06-13T16:24:18.530+08:00	[32;1m stat [0m	CPU: 0m, MEMORY: Alloc=3.5Mi, TotalAlloc=6.5Mi, Sys=18.3Mi, NumGC=3	caller=stat/usage.go:61
2023-06-13T16:24:18.546+08:00	[32;1m stat [0m	(api) shedding_stat [1m], cpu: 0, total: 5, pass: 5, drop: 0	caller=load/sheddingstat.go:61
2023-06-13T16:24:21.683+08:00	[32;1m stat [0m	(user) - qps: 0.1/s, drops: 0, avg time: 0.0ms, med: 0.0ms, 90th: 0.0ms, 99th: 0.0ms, 99.9th: 0.0ms	caller=stat/metrics.go:210
2023-06-13T16:25:18.528+08:00	[32;1m stat [0m	CPU: 0m, MEMORY: Alloc=3.5Mi, TotalAlloc=6.6Mi, Sys=18.3Mi, NumGC=3	caller=stat/usage.go:61
2023-06-13T16:25:18.543+08:00	[32;1m stat [0m	(api) shedding_stat [1m], cpu: 0, total: 1, pass: 1, drop: 0	caller=load/sheddingstat.go:61
2023-06-13T16:25:21.687+08:00	[32;1m stat [0m	(user) - qps: 0.0/s, drops: 0, avg time: 0.0ms, med: 0.0ms, 90th: 0.0ms, 99th: 0.0ms, 99.9th: 0.0ms	caller=stat/metrics.go:210
2023-06-13T16:26:18.529+08:00	[32;1m stat [0m	CPU: 0m, MEMORY: Alloc=3.4Mi, TotalAlloc=6.6Mi, Sys=18.3Mi, NumGC=4	caller=stat/usage.go:61
2023-06-13T16:26:18.545+08:00	[32;1m stat [0m	(api) shedding_stat [1m], cpu: 0, total: 2, pass: 2, drop: 0	caller=load/sheddingstat.go:61
2023-06-13T16:26:21.689+08:00	[32;1m stat [0m	(user) - qps: 0.0/s, drops: 0, avg time: 0.0ms, med: 0.0ms, 90th: 0.0ms, 99th: 0.0ms, 99.9th: 0.0ms	caller=stat/metrics.go:210
2023-06-13T16:27:18.532+08:00	[32;1m stat [0m	CPU: 0m, MEMORY: Alloc=3.5Mi, TotalAlloc=6.8Mi, Sys=18.3Mi, NumGC=4	caller=stat/usage.go:61
2023-06-13T16:27:18.547+08:00	[32;1m stat [0m	(api) shedding_stat [1m], cpu: 0, total: 0, pass: 0, drop: 0	caller=load/sheddingstat.go:61
2023-06-13T16:27:21.677+08:00	[32;1m stat [0m	(user) - qps: 0.0/s, drops: 0, avg time: 0.0ms, med: 0.0ms, 90th: 0.0ms, 99th: 0.0ms, 99.9th: 0.0ms	caller=stat/metrics.go:210
2023-06-13T16:28:18.527+08:00	[32;1m stat [0m	CPU: 0m, MEMORY: Alloc=3.3Mi, TotalAlloc=6.8Mi, Sys=18.3Mi, NumGC=5	caller=stat/usage.go:61
2023-06-13T16:28:18.542+08:00	[32;1m stat [0m	(api) shedding_stat [1m], cpu: 0, total: 0, pass: 0, drop: 0	caller=load/sheddingstat.go:61
2023-06-13T16:28:21.677+08:00	[32;1m stat [0m	(user) - qps: 0.0/s, drops: 0, avg time: 0.0ms, med: 0.0ms, 90th: 0.0ms, 99th: 0.0ms, 99.9th: 0.0ms	caller=stat/metrics.go:210
2023-06-13T16:29:56.724+08:00	[32;1m stat [0m	CPU: 0m, MEMORY: Alloc=3.3Mi, TotalAlloc=6.4Mi, Sys=18.5Mi, NumGC=3	caller=stat/usage.go:61
2023-06-13T16:29:56.739+08:00	[32;1m stat [0m	(api) shedding_stat [1m], cpu: 0, total: 2, pass: 2, drop: 0	caller=load/sheddingstat.go:61
2023-06-13T16:30:02.605+08:00	[32;1m stat [0m	(user) - qps: 0.0/s, drops: 0, avg time: 0.5ms, med: 1.0ms, 90th: 1.0ms, 99th: 1.0ms, 99.9th: 1.0ms	caller=stat/metrics.go:210
2023-06-13T16:30:56.728+08:00	[32;1m stat [0m	CPU: 0m, MEMORY: Alloc=3.4Mi, TotalAlloc=6.4Mi, Sys=18.5Mi, NumGC=3	caller=stat/usage.go:61
2023-06-13T16:30:56.744+08:00	[32;1m stat [0m	(api) shedding_stat [1m], cpu: 0, total: 1, pass: 1, drop: 0	caller=load/sheddingstat.go:61
2023-06-13T16:31:02.609+08:00	[32;1m stat [0m	(user) - qps: 0.0/s, drops: 0, avg time: 0.0ms, med: 0.4ms, 90th: 0.4ms, 99th: 0.4ms, 99.9th: 0.4ms	caller=stat/metrics.go:210
2023-06-13T16:31:56.720+08:00	[32;1m stat [0m	CPU: 0m, MEMORY: Alloc=3.3Mi, TotalAlloc=6.5Mi, Sys=18.5Mi, NumGC=4	caller=stat/usage.go:61
2023-06-13T16:31:56.751+08:00	[32;1m stat [0m	(api) shedding_stat [1m], cpu: 0, total: 1, pass: 1, drop: 0	caller=load/sheddingstat.go:61
2023-06-13T16:32:02.610+08:00	[32;1m stat [0m	(user) - qps: 0.0/s, drops: 0, avg time: 0.0ms, med: 0.5ms, 90th: 0.5ms, 99th: 0.5ms, 99.9th: 0.5ms	caller=stat/metrics.go:210
2023-06-13T16:32:56.728+08:00	[32;1m stat [0m	CPU: 0m, MEMORY: Alloc=3.3Mi, TotalAlloc=6.5Mi, Sys=18.5Mi, NumGC=4	caller=stat/usage.go:61
2023-06-13T16:32:56.743+08:00	[32;1m stat [0m	(api) shedding_stat [1m], cpu: 0, total: 0, pass: 0, drop: 0	caller=load/sheddingstat.go:61
2023-06-13T16:33:02.605+08:00	[32;1m stat [0m	(user) - qps: 0.0/s, drops: 0, avg time: 0.0ms, med: 0.0ms, 90th: 0.0ms, 99th: 0.0ms, 99.9th: 0.0ms	caller=stat/metrics.go:210
2023-06-13T16:45:28.132+08:00	[32;1m stat [0m	CPU: 0m, MEMORY: Alloc=3.9Mi, TotalAlloc=6.3Mi, Sys=18.0Mi, NumGC=2	caller=stat/usage.go:61
2023-06-13T16:45:28.148+08:00	[32;1m stat [0m	(api) shedding_stat [1m], cpu: 0, total: 0, pass: 0, drop: 0	caller=load/sheddingstat.go:61
2023-06-13T16:46:28.139+08:00	[32;1m stat [0m	CPU: 0m, MEMORY: Alloc=4.0Mi, TotalAlloc=6.3Mi, Sys=18.0Mi, NumGC=2	caller=stat/usage.go:61
2023-06-13T16:46:28.148+08:00	[32;1m stat [0m	(api) shedding_stat [1m], cpu: 0, total: 1, pass: 1, drop: 0	caller=load/sheddingstat.go:61
2023-06-13T16:46:33.269+08:00	[32;1m stat [0m	(user) - qps: 0.0/s, drops: 0, avg time: 0.0ms, med: 0.5ms, 90th: 0.5ms, 99th: 0.5ms, 99.9th: 0.5ms	caller=stat/metrics.go:210
2023-06-13T16:47:28.135+08:00	[32;1m stat [0m	CPU: 0m, MEMORY: Alloc=3.4Mi, TotalAlloc=6.5Mi, Sys=18.0Mi, NumGC=3	caller=stat/usage.go:61
2023-06-13T16:47:28.151+08:00	[32;1m stat [0m	(api) shedding_stat [1m], cpu: 0, total: 2, pass: 2, drop: 0	caller=load/sheddingstat.go:61
2023-06-13T16:47:33.263+08:00	[32;1m stat [0m	(user) - qps: 0.0/s, drops: 0, avg time: 0.0ms, med: 0.0ms, 90th: 0.0ms, 99th: 0.0ms, 99.9th: 0.0ms	caller=stat/metrics.go:210
2023-06-13T16:48:28.129+08:00	[32;1m stat [0m	CPU: 0m, MEMORY: Alloc=3.4Mi, TotalAlloc=6.5Mi, Sys=18.0Mi, NumGC=3	caller=stat/usage.go:61
2023-06-13T16:48:28.144+08:00	[32;1m stat [0m	(api) shedding_stat [1m], cpu: 0, total: 0, pass: 0, drop: 0	caller=load/sheddingstat.go:61
2023-06-13T16:48:33.266+08:00	[32;1m stat [0m	(user) - qps: 0.0/s, drops: 0, avg time: 0.0ms, med: 0.0ms, 90th: 0.0ms, 99th: 0.0ms, 99.9th: 0.0ms	caller=stat/metrics.go:210
2023-06-13T16:48:56.218+08:00	[32;1m stat [0m	p2c - conn: 192.168.107.1:8888, load: 7210, reqs: 1	caller=p2c/p2c.go:181
2023-06-13T16:49:52.566+08:00	[32;1m stat [0m	CPU: 0m, MEMORY: Alloc=3.4Mi, TotalAlloc=6.5Mi, Sys=18.8Mi, NumGC=3	caller=stat/usage.go:61
2023-06-13T16:49:52.582+08:00	[32;1m stat [0m	(api) shedding_stat [1m], cpu: 0, total: 2, pass: 2, drop: 0	caller=load/sheddingstat.go:61
2023-06-13T16:49:56.228+08:00	[32;1m stat [0m	(user) - qps: 0.0/s, drops: 0, avg time: 27.5ms, med: 52.0ms, 90th: 52.0ms, 99th: 52.0ms, 99.9th: 52.0ms	caller=stat/metrics.go:210
2023-06-13T16:56:36.647+08:00	[32;1m stat [0m	p2c - conn: 192.168.107.1:8888, load: 4514, reqs: 1	caller=p2c/p2c.go:181
2023-06-13T16:57:31.672+08:00	[32;1m stat [0m	CPU: 0m, MEMORY: Alloc=3.8Mi, TotalAlloc=6.4Mi, Sys=22.2Mi, NumGC=2	caller=stat/usage.go:61
2023-06-13T16:57:31.704+08:00	[32;1m stat [0m	(api) shedding_stat [1m], cpu: 0, total: 2, pass: 2, drop: 0	caller=load/sheddingstat.go:61
2023-06-13T16:57:36.650+08:00	[32;1m stat [0m	(user) - qps: 0.0/s, drops: 0, avg time: 11.5ms, med: 21.4ms, 90th: 21.4ms, 99th: 21.4ms, 99.9th: 21.4ms	caller=stat/metrics.go:210
2023-06-13T16:58:31.675+08:00	[32;1m stat [0m	CPU: 0m, MEMORY: Alloc=3.9Mi, TotalAlloc=6.5Mi, Sys=22.2Mi, NumGC=2	caller=stat/usage.go:61
2023-06-13T16:58:31.706+08:00	[32;1m stat [0m	(api) shedding_stat [1m], cpu: 0, total: 0, pass: 0, drop: 0	caller=load/sheddingstat.go:61
2023-06-13T16:58:36.655+08:00	[32;1m stat [0m	(user) - qps: 0.0/s, drops: 0, avg time: 0.0ms, med: 0.0ms, 90th: 0.0ms, 99th: 0.0ms, 99.9th: 0.0ms	caller=stat/metrics.go:210
2023-06-13T16:59:31.676+08:00	[32;1m stat [0m	CPU: 0m, MEMORY: Alloc=3.4Mi, TotalAlloc=6.5Mi, Sys=22.4Mi, NumGC=3	caller=stat/usage.go:61
2023-06-13T16:59:31.706+08:00	[32;1m stat [0m	(api) shedding_stat [1m], cpu: 0, total: 0, pass: 0, drop: 0	caller=load/sheddingstat.go:61
2023-06-13T16:59:36.652+08:00	[32;1m stat [0m	(user) - qps: 0.0/s, drops: 0, avg time: 0.0ms, med: 0.0ms, 90th: 0.0ms, 99th: 0.0ms, 99.9th: 0.0ms	caller=stat/metrics.go:210
2023-06-13T17:00:11.508+08:00	[32;1m stat [0m	p2c - conn: 192.168.107.1:8888, load: 1336, reqs: 1	caller=p2c/p2c.go:181
2023-06-13T17:01:07.780+08:00	[32;1m stat [0m	CPU: 0m, MEMORY: Alloc=4.0Mi, TotalAlloc=6.4Mi, Sys=18.5Mi, NumGC=2	caller=stat/usage.go:61
2023-06-13T17:01:07.810+08:00	[32;1m stat [0m	(api) shedding_stat [1m], cpu: 0, total: 1, pass: 1, drop: 0	caller=load/sheddingstat.go:61
2023-06-13T17:01:11.514+08:00	[32;1m stat [0m	(user) - qps: 0.0/s, drops: 0, avg time: 1.0ms, med: 2.0ms, 90th: 2.0ms, 99th: 2.0ms, 99.9th: 2.0ms	caller=stat/metrics.go:210
2023-06-13T17:02:07.777+08:00	[32;1m stat [0m	CPU: 0m, MEMORY: Alloc=4.0Mi, TotalAlloc=6.4Mi, Sys=18.5Mi, NumGC=2	caller=stat/usage.go:61
2023-06-13T17:02:07.809+08:00	[32;1m stat [0m	(api) shedding_stat [1m], cpu: 0, total: 0, pass: 0, drop: 0	caller=load/sheddingstat.go:61
2023-06-13T17:02:11.521+08:00	[32;1m stat [0m	(user) - qps: 0.0/s, drops: 0, avg time: 0.0ms, med: 0.0ms, 90th: 0.0ms, 99th: 0.0ms, 99.9th: 0.0ms	caller=stat/metrics.go:210
2023-06-13T17:03:07.781+08:00	[32;1m stat [0m	CPU: 0m, MEMORY: Alloc=3.4Mi, TotalAlloc=6.4Mi, Sys=18.5Mi, NumGC=3	caller=stat/usage.go:61
2023-06-13T17:03:07.812+08:00	[32;1m stat [0m	(api) shedding_stat [1m], cpu: 0, total: 0, pass: 0, drop: 0	caller=load/sheddingstat.go:61
2023-06-13T17:03:11.516+08:00	[32;1m stat [0m	(user) - qps: 0.0/s, drops: 0, avg time: 0.0ms, med: 0.0ms, 90th: 0.0ms, 99th: 0.0ms, 99.9th: 0.0ms	caller=stat/metrics.go:210
2023-06-13T17:04:07.775+08:00	[32;1m stat [0m	CPU: 0m, MEMORY: Alloc=3.4Mi, TotalAlloc=6.4Mi, Sys=18.5Mi, NumGC=3	caller=stat/usage.go:61
2023-06-13T17:04:07.806+08:00	[32;1m stat [0m	(api) shedding_stat [1m], cpu: 0, total: 0, pass: 0, drop: 0	caller=load/sheddingstat.go:61
2023-06-13T17:04:11.523+08:00	[32;1m stat [0m	(user) - qps: 0.0/s, drops: 0, avg time: 0.0ms, med: 0.0ms, 90th: 0.0ms, 99th: 0.0ms, 99.9th: 0.0ms	caller=stat/metrics.go:210
2023-06-13T17:05:07.783+08:00	[32;1m stat [0m	CPU: 0m, MEMORY: Alloc=3.3Mi, TotalAlloc=6.5Mi, Sys=18.5Mi, NumGC=4	caller=stat/usage.go:61
2023-06-13T17:05:07.814+08:00	[32;1m stat [0m	(api) shedding_stat [1m], cpu: 0, total: 0, pass: 0, drop: 0	caller=load/sheddingstat.go:61
2023-06-13T17:05:11.511+08:00	[32;1m stat [0m	(user) - qps: 0.0/s, drops: 0, avg time: 0.0ms, med: 0.0ms, 90th: 0.0ms, 99th: 0.0ms, 99.9th: 0.0ms	caller=stat/metrics.go:210
2023-06-13T17:06:07.784+08:00	[32;1m stat [0m	CPU: 0m, MEMORY: Alloc=3.4Mi, TotalAlloc=6.6Mi, Sys=18.5Mi, NumGC=4	caller=stat/usage.go:61
2023-06-13T17:06:07.815+08:00	[32;1m stat [0m	(api) shedding_stat [1m], cpu: 0, total: 0, pass: 0, drop: 0	caller=load/sheddingstat.go:61
2023-06-13T17:06:11.521+08:00	[32;1m stat [0m	(user) - qps: 0.0/s, drops: 0, avg time: 0.0ms, med: 0.0ms, 90th: 0.0ms, 99th: 0.0ms, 99.9th: 0.0ms	caller=stat/metrics.go:210
2023-06-13T17:07:07.781+08:00	[32;1m stat [0m	CPU: 0m, MEMORY: Alloc=3.3Mi, TotalAlloc=6.6Mi, Sys=18.5Mi, NumGC=5	caller=stat/usage.go:61
2023-06-13T17:07:07.813+08:00	[32;1m stat [0m	(api) shedding_stat [1m], cpu: 0, total: 0, pass: 0, drop: 0	caller=load/sheddingstat.go:61
2023-06-13T17:07:11.514+08:00	[32;1m stat [0m	(user) - qps: 0.0/s, drops: 0, avg time: 0.0ms, med: 0.0ms, 90th: 0.0ms, 99th: 0.0ms, 99.9th: 0.0ms	caller=stat/metrics.go:210
2023-06-13T17:08:07.776+08:00	[32;1m stat [0m	CPU: 0m, MEMORY: Alloc=3.3Mi, TotalAlloc=6.6Mi, Sys=18.5Mi, NumGC=5	caller=stat/usage.go:61
2023-06-13T17:08:07.807+08:00	[32;1m stat [0m	(api) shedding_stat [1m], cpu: 0, total: 0, pass: 0, drop: 0	caller=load/sheddingstat.go:61
2023-06-13T17:08:11.512+08:00	[32;1m stat [0m	(user) - qps: 0.0/s, drops: 0, avg time: 0.0ms, med: 0.0ms, 90th: 0.0ms, 99th: 0.0ms, 99.9th: 0.0ms	caller=stat/metrics.go:210
2023-06-13T17:26:35.710+08:00	[32;1m stat [0m	p2c - conn: 192.168.107.1:8888, load: 1459, reqs: 1	caller=p2c/p2c.go:181
2023-06-13T17:27:32.642+08:00	[32;1m stat [0m	CPU: 0m, MEMORY: Alloc=3.6Mi, TotalAlloc=6.5Mi, Sys=18.3Mi, NumGC=3	caller=stat/usage.go:61
2023-06-13T17:27:32.672+08:00	[32;1m stat [0m	(api) shedding_stat [1m], cpu: 0, total: 3, pass: 3, drop: 0	caller=load/sheddingstat.go:61
2023-06-13T17:27:35.713+08:00	[32;1m stat [0m	(user) - qps: 0.1/s, drops: 0, avg time: 1.7ms, med: 2.6ms, 90th: 2.6ms, 99th: 2.6ms, 99.9th: 2.6ms	caller=stat/metrics.go:210
2023-06-13T17:28:38.136+08:00	[32;1m stat [0m	p2c - conn: 192.168.107.1:8888, load: 1345, reqs: 1	caller=p2c/p2c.go:181
2023-06-13T17:29:34.799+08:00	[32;1m stat [0m	CPU: 0m, MEMORY: Alloc=3.9Mi, TotalAlloc=6.5Mi, Sys=18.0Mi, NumGC=2	caller=stat/usage.go:61
2023-06-13T17:29:34.831+08:00	[32;1m stat [0m	(api) shedding_stat [1m], cpu: 0, total: 2, pass: 2, drop: 0	caller=load/sheddingstat.go:61
2023-06-13T17:29:38.143+08:00	[32;1m stat [0m	(user) - qps: 0.0/s, drops: 0, avg time: 1.5ms, med: 2.3ms, 90th: 2.3ms, 99th: 2.3ms, 99.9th: 2.3ms	caller=stat/metrics.go:210
2023-06-13T17:30:34.811+08:00	[32;1m stat [0m	CPU: 0m, MEMORY: Alloc=4.0Mi, TotalAlloc=6.5Mi, Sys=18.0Mi, NumGC=2	caller=stat/usage.go:61
2023-06-13T17:30:34.822+08:00	[32;1m stat [0m	(api) shedding_stat [1m], cpu: 0, total: 0, pass: 0, drop: 0	caller=load/sheddingstat.go:61
2023-06-13T17:30:38.138+08:00	[32;1m stat [0m	(user) - qps: 0.0/s, drops: 0, avg time: 0.0ms, med: 0.0ms, 90th: 0.0ms, 99th: 0.0ms, 99.9th: 0.0ms	caller=stat/metrics.go:210
2023-06-13T17:30:52.247+08:00	[32;1m stat [0m	p2c - conn: 192.168.107.1:8888, load: 1117, reqs: 2	caller=p2c/p2c.go:181
2023-06-13T17:31:34.807+08:00	[32;1m stat [0m	CPU: 0m, MEMORY: Alloc=3.5Mi, TotalAlloc=6.6Mi, Sys=18.0Mi, NumGC=3	caller=stat/usage.go:61
2023-06-13T17:31:34.822+08:00	[32;1m stat [0m	(api) shedding_stat [1m], cpu: 0, total: 1, pass: 1, drop: 0	caller=load/sheddingstat.go:61
2023-06-13T17:31:38.141+08:00	[32;1m stat [0m	(user) - qps: 0.0/s, drops: 0, avg time: 1.0ms, med: 1.8ms, 90th: 1.8ms, 99th: 1.8ms, 99.9th: 1.8ms	caller=stat/metrics.go:210
2023-06-13T17:32:34.797+08:00	[32;1m stat [0m	CPU: 0m, MEMORY: Alloc=3.5Mi, TotalAlloc=6.6Mi, Sys=18.0Mi, NumGC=3	caller=stat/usage.go:61
2023-06-13T17:32:34.828+08:00	[32;1m stat [0m	(api) shedding_stat [1m], cpu: 0, total: 0, pass: 0, drop: 0	caller=load/sheddingstat.go:61
2023-06-13T17:32:38.141+08:00	[32;1m stat [0m	(user) - qps: 0.0/s, drops: 0, avg time: 0.0ms, med: 0.0ms, 90th: 0.0ms, 99th: 0.0ms, 99.9th: 0.0ms	caller=stat/metrics.go:210
2023-06-13T17:33:34.802+08:00	[32;1m stat [0m	CPU: 0m, MEMORY: Alloc=3.4Mi, TotalAlloc=6.7Mi, Sys=18.0Mi, NumGC=4	caller=stat/usage.go:61
2023-06-13T17:33:34.832+08:00	[32;1m stat [0m	(api) shedding_stat [1m], cpu: 0, total: 0, pass: 0, drop: 0	caller=load/sheddingstat.go:61
2023-06-13T17:33:38.151+08:00	[32;1m stat [0m	(user) - qps: 0.0/s, drops: 0, avg time: 0.0ms, med: 0.0ms, 90th: 0.0ms, 99th: 0.0ms, 99.9th: 0.0ms	caller=stat/metrics.go:210
2023-06-13T17:34:34.809+08:00	[32;1m stat [0m	CPU: 0m, MEMORY: Alloc=3.4Mi, TotalAlloc=6.7Mi, Sys=18.0Mi, NumGC=4	caller=stat/usage.go:61
2023-06-13T17:34:34.824+08:00	[32;1m stat [0m	(api) shedding_stat [1m], cpu: 0, total: 0, pass: 0, drop: 0	caller=load/sheddingstat.go:61
2023-06-13T17:34:38.150+08:00	[32;1m stat [0m	(user) - qps: 0.0/s, drops: 0, avg time: 0.0ms, med: 0.0ms, 90th: 0.0ms, 99th: 0.0ms, 99.9th: 0.0ms	caller=stat/metrics.go:210
2023-06-13T17:35:59.595+08:00	[32;1m stat [0m	p2c - conn: 192.168.107.1:8888, load: 1498, reqs: 1	caller=p2c/p2c.go:181
2023-06-13T17:36:54.925+08:00	[32;1m stat [0m	CPU: 0m, MEMORY: Alloc=4.0Mi, TotalAlloc=6.5Mi, Sys=22.9Mi, NumGC=2	caller=stat/usage.go:61
2023-06-13T17:36:54.942+08:00	[32;1m stat [0m	(api) shedding_stat [1m], cpu: 0, total: 2, pass: 2, drop: 0	caller=load/sheddingstat.go:61
2023-06-13T17:36:59.607+08:00	[32;1m stat [0m	(user) - qps: 0.0/s, drops: 0, avg time: 2.5ms, med: 2.8ms, 90th: 2.8ms, 99th: 2.8ms, 99.9th: 2.8ms	caller=stat/metrics.go:210
2023-06-13T17:37:54.929+08:00	[32;1m stat [0m	CPU: 0m, MEMORY: Alloc=4.0Mi, TotalAlloc=6.5Mi, Sys=22.9Mi, NumGC=2	caller=stat/usage.go:61
2023-06-13T17:37:54.944+08:00	[32;1m stat [0m	(api) shedding_stat [1m], cpu: 0, total: 0, pass: 0, drop: 0	caller=load/sheddingstat.go:61
2023-06-13T17:37:59.610+08:00	[32;1m stat [0m	(user) - qps: 0.0/s, drops: 0, avg time: 0.0ms, med: 0.0ms, 90th: 0.0ms, 99th: 0.0ms, 99.9th: 0.0ms	caller=stat/metrics.go:210
2023-06-13T17:38:54.937+08:00	[32;1m stat [0m	CPU: 0m, MEMORY: Alloc=3.4Mi, TotalAlloc=6.5Mi, Sys=22.9Mi, NumGC=3	caller=stat/usage.go:61
2023-06-13T17:38:54.946+08:00	[32;1m stat [0m	(api) shedding_stat [1m], cpu: 0, total: 0, pass: 0, drop: 0	caller=load/sheddingstat.go:61
2023-06-13T17:38:59.598+08:00	[32;1m stat [0m	(user) - qps: 0.0/s, drops: 0, avg time: 0.0ms, med: 0.0ms, 90th: 0.0ms, 99th: 0.0ms, 99.9th: 0.0ms	caller=stat/metrics.go:210
2023-06-13T17:39:20.730+08:00	[32;1m stat [0m	p2c - conn: 192.168.107.1:8888, load: 1145, reqs: 1	caller=p2c/p2c.go:181
2023-06-13T17:40:12.080+08:00	[32;1m stat [0m	CPU: 0m, MEMORY: Alloc=3.4Mi, TotalAlloc=6.4Mi, Sys=22.9Mi, NumGC=3	caller=stat/usage.go:61
2023-06-13T17:40:12.112+08:00	[32;1m stat [0m	(api) shedding_stat [1m], cpu: 0, total: 1, pass: 1, drop: 0	caller=load/sheddingstat.go:61
2023-06-13T17:40:20.743+08:00	[32;1m stat [0m	(user) - qps: 0.0/s, drops: 0, avg time: 2.0ms, med: 2.4ms, 90th: 2.4ms, 99th: 2.4ms, 99.9th: 2.4ms	caller=stat/metrics.go:210
2023-06-13T17:41:30.919+08:00	[32;1m stat [0m	p2c - conn: 192.168.107.1:8888, load: 1539, reqs: 1	caller=p2c/p2c.go:181
2023-06-13T17:42:06.534+08:00	[32;1m stat [0m	p2c - conn: 192.168.107.1:8888, load: 1253, reqs: 1	caller=p2c/p2c.go:181
2023-06-13T17:43:03.449+08:00	[32;1m stat [0m	CPU: 0m, MEMORY: Alloc=3.6Mi, TotalAlloc=6.5Mi, Sys=18.0Mi, NumGC=3	caller=stat/usage.go:61
2023-06-13T17:43:03.467+08:00	[32;1m stat [0m	(api) shedding_stat [1m], cpu: 0, total: 3, pass: 3, drop: 0	caller=load/sheddingstat.go:61
2023-06-13T17:43:06.541+08:00	[32;1m stat [0m	(user) - qps: 0.1/s, drops: 0, avg time: 1.7ms, med: 2.2ms, 90th: 2.2ms, 99th: 2.2ms, 99.9th: 2.2ms	caller=stat/metrics.go:210
2023-06-13T17:44:03.445+08:00	[32;1m stat [0m	CPU: 0m, MEMORY: Alloc=3.6Mi, TotalAlloc=6.6Mi, Sys=18.0Mi, NumGC=3	caller=stat/usage.go:61
2023-06-13T17:44:03.475+08:00	[32;1m stat [0m	(api) shedding_stat [1m], cpu: 0, total: 0, pass: 0, drop: 0	caller=load/sheddingstat.go:61
2023-06-13T17:44:06.535+08:00	[32;1m stat [0m	(user) - qps: 0.0/s, drops: 0, avg time: 0.0ms, med: 0.0ms, 90th: 0.0ms, 99th: 0.0ms, 99.9th: 0.0ms	caller=stat/metrics.go:210
2023-06-13T17:45:03.447+08:00	[32;1m stat [0m	CPU: 0m, MEMORY: Alloc=3.4Mi, TotalAlloc=6.6Mi, Sys=18.0Mi, NumGC=4	caller=stat/usage.go:61
2023-06-13T17:45:03.478+08:00	[32;1m stat [0m	(api) shedding_stat [1m], cpu: 0, total: 0, pass: 0, drop: 0	caller=load/sheddingstat.go:61
2023-06-13T17:45:06.541+08:00	[32;1m stat [0m	(user) - qps: 0.0/s, drops: 0, avg time: 0.0ms, med: 0.0ms, 90th: 0.0ms, 99th: 0.0ms, 99.9th: 0.0ms	caller=stat/metrics.go:210
2023-06-13T17:46:03.447+08:00	[32;1m stat [0m	CPU: 0m, MEMORY: Alloc=3.4Mi, TotalAlloc=6.6Mi, Sys=18.0Mi, NumGC=4	caller=stat/usage.go:61
2023-06-13T17:46:03.479+08:00	[32;1m stat [0m	(api) shedding_stat [1m], cpu: 0, total: 0, pass: 0, drop: 0	caller=load/sheddingstat.go:61
2023-06-13T17:46:06.543+08:00	[32;1m stat [0m	(user) - qps: 0.0/s, drops: 0, avg time: 0.0ms, med: 0.0ms, 90th: 0.0ms, 99th: 0.0ms, 99.9th: 0.0ms	caller=stat/metrics.go:210
2023-06-13T17:47:03.454+08:00	[32;1m stat [0m	CPU: 0m, MEMORY: Alloc=3.3Mi, TotalAlloc=6.6Mi, Sys=18.0Mi, NumGC=5	caller=stat/usage.go:61
2023-06-13T17:47:03.469+08:00	[32;1m stat [0m	(api) shedding_stat [1m], cpu: 0, total: 0, pass: 0, drop: 0	caller=load/sheddingstat.go:61
2023-06-13T17:47:06.540+08:00	[32;1m stat [0m	(user) - qps: 0.0/s, drops: 0, avg time: 0.0ms, med: 0.0ms, 90th: 0.0ms, 99th: 0.0ms, 99.9th: 0.0ms	caller=stat/metrics.go:210
2023-06-13T17:48:03.459+08:00	[32;1m stat [0m	CPU: 0m, MEMORY: Alloc=3.4Mi, TotalAlloc=6.8Mi, Sys=18.0Mi, NumGC=5	caller=stat/usage.go:61
2023-06-13T17:48:03.475+08:00	[32;1m stat [0m	(api) shedding_stat [1m], cpu: 0, total: 0, pass: 0, drop: 0	caller=load/sheddingstat.go:61
2023-06-13T17:48:06.548+08:00	[32;1m stat [0m	(user) - qps: 0.0/s, drops: 0, avg time: 0.0ms, med: 0.0ms, 90th: 0.0ms, 99th: 0.0ms, 99.9th: 0.0ms	caller=stat/metrics.go:210
2023-06-13T17:49:03.451+08:00	[32;1m stat [0m	CPU: 0m, MEMORY: Alloc=3.3Mi, TotalAlloc=6.8Mi, Sys=18.0Mi, NumGC=6	caller=stat/usage.go:61
2023-06-13T17:49:03.466+08:00	[32;1m stat [0m	(api) shedding_stat [1m], cpu: 0, total: 0, pass: 0, drop: 0	caller=load/sheddingstat.go:61
2023-06-13T17:49:06.537+08:00	[32;1m stat [0m	(user) - qps: 0.0/s, drops: 0, avg time: 0.0ms, med: 0.0ms, 90th: 0.0ms, 99th: 0.0ms, 99.9th: 0.0ms	caller=stat/metrics.go:210
2023-06-13T17:50:03.458+08:00	[32;1m stat [0m	CPU: 0m, MEMORY: Alloc=3.3Mi, TotalAlloc=6.8Mi, Sys=18.0Mi, NumGC=6	caller=stat/usage.go:61
2023-06-13T17:50:03.474+08:00	[32;1m stat [0m	(api) shedding_stat [1m], cpu: 0, total: 0, pass: 0, drop: 0	caller=load/sheddingstat.go:61
2023-06-13T17:50:06.535+08:00	[32;1m stat [0m	(user) - qps: 0.0/s, drops: 0, avg time: 0.0ms, med: 0.0ms, 90th: 0.0ms, 99th: 0.0ms, 99.9th: 0.0ms	caller=stat/metrics.go:210
2023-06-13T17:51:03.445+08:00	[32;1m stat [0m	CPU: 0m, MEMORY: Alloc=3.3Mi, TotalAlloc=6.8Mi, Sys=18.0Mi, NumGC=7	caller=stat/usage.go:61
2023-06-13T17:51:03.477+08:00	[32;1m stat [0m	(api) shedding_stat [1m], cpu: 0, total: 0, pass: 0, drop: 0	caller=load/sheddingstat.go:61
2023-06-13T17:51:06.541+08:00	[32;1m stat [0m	(user) - qps: 0.0/s, drops: 0, avg time: 0.0ms, med: 0.0ms, 90th: 0.0ms, 99th: 0.0ms, 99.9th: 0.0ms	caller=stat/metrics.go:210
2023-06-13T17:51:36.731+08:00	[32;1m stat [0m	p2c - conn: 192.168.107.1:8888, load: 1283, reqs: 1	caller=p2c/p2c.go:181
2023-06-13T17:52:33.619+08:00	[32;1m stat [0m	CPU: 0m, MEMORY: Alloc=3.4Mi, TotalAlloc=6.4Mi, Sys=18.3Mi, NumGC=3	caller=stat/usage.go:61
2023-06-13T17:52:33.634+08:00	[32;1m stat [0m	(api) shedding_stat [1m], cpu: 0, total: 2, pass: 2, drop: 0	caller=load/sheddingstat.go:61
2023-06-13T17:52:36.745+08:00	[32;1m stat [0m	(user) - qps: 0.0/s, drops: 0, avg time: 1.5ms, med: 1.8ms, 90th: 1.8ms, 99th: 1.8ms, 99.9th: 1.8ms	caller=stat/metrics.go:210
2023-06-13T17:53:33.614+08:00	[32;1m stat [0m	CPU: 0m, MEMORY: Alloc=3.4Mi, TotalAlloc=6.5Mi, Sys=18.3Mi, NumGC=3	caller=stat/usage.go:61
2023-06-13T17:53:33.643+08:00	[32;1m stat [0m	(api) shedding_stat [1m], cpu: 0, total: 0, pass: 0, drop: 0	caller=load/sheddingstat.go:61
2023-06-13T17:53:36.745+08:00	[32;1m stat [0m	(user) - qps: 0.0/s, drops: 0, avg time: 0.0ms, med: 0.0ms, 90th: 0.0ms, 99th: 0.0ms, 99.9th: 0.0ms	caller=stat/metrics.go:210
2023-06-13T17:54:31.641+08:00	[32;1m stat [0m	p2c - conn: 192.168.107.1:8888, load: 1113, reqs: 1	caller=p2c/p2c.go:181
2023-06-13T17:55:07.296+08:00	[32;1m stat [0m	p2c - conn: 192.168.107.1:8888, load: 1592, reqs: 1	caller=p2c/p2c.go:181
2023-06-13T18:26:14.350+08:00	[32;1m stat [0m	p2c - conn: 192.168.107.1:8888, load: 4876, reqs: 1	caller=p2c/p2c.go:181
2023-06-13T18:26:51.931+08:00	[32;1m stat [0m	CPU: 0m, MEMORY: Alloc=4.1Mi, TotalAlloc=6.5Mi, Sys=18.0Mi, NumGC=2	caller=stat/usage.go:61
2023-06-13T18:26:51.978+08:00	[32;1m stat [0m	(api) shedding_stat [1m], cpu: 0, total: 1, pass: 1, drop: 0	caller=load/sheddingstat.go:61
2023-06-13T18:27:14.363+08:00	[32;1m stat [0m	(user) - qps: 0.0/s, drops: 0, avg time: 25.0ms, med: 25.3ms, 90th: 25.3ms, 99th: 25.3ms, 99.9th: 25.3ms	caller=stat/metrics.go:210
2023-06-13T18:27:40.665+08:00	[32;1m stat [0m	p2c - conn: 192.168.107.1:8888, load: 1629, reqs: 1	caller=p2c/p2c.go:181
2023-06-13T18:28:36.518+08:00	[32;1m stat [0m	CPU: 0m, MEMORY: Alloc=4.2Mi, TotalAlloc=6.5Mi, Sys=18.3Mi, NumGC=2	caller=stat/usage.go:61
2023-06-13T18:28:36.552+08:00	[32;1m stat [0m	(api) shedding_stat [1m], cpu: 0, total: 1, pass: 1, drop: 0	caller=load/sheddingstat.go:61
2023-06-13T18:28:40.675+08:00	[32;1m stat [0m	(user) - qps: 0.0/s, drops: 0, avg time: 4.0ms, med: 4.4ms, 90th: 4.4ms, 99th: 4.4ms, 99.9th: 4.4ms	caller=stat/metrics.go:210
2023-06-13T18:29:10.363+08:00	[32;1m stat [0m	p2c - conn: 192.168.107.1:8888, load: 1270, reqs: 1	caller=p2c/p2c.go:181
2023-06-13T18:30:03.369+08:00	[32;1m stat [0m	CPU: 0m, MEMORY: Alloc=4.1Mi, TotalAlloc=6.5Mi, Sys=18.0Mi, NumGC=2	caller=stat/usage.go:61
2023-06-13T18:30:03.416+08:00	[32;1m stat [0m	(api) shedding_stat [1m], cpu: 0, total: 1, pass: 1, drop: 0	caller=load/sheddingstat.go:61
2023-06-13T18:30:10.374+08:00	[32;1m stat [0m	(user) - qps: 0.0/s, drops: 0, avg time: 2.0ms, med: 2.7ms, 90th: 2.7ms, 99th: 2.7ms, 99.9th: 2.7ms	caller=stat/metrics.go:210
2023-06-13T18:31:03.371+08:00	[32;1m stat [0m	CPU: 0m, MEMORY: Alloc=4.2Mi, TotalAlloc=6.5Mi, Sys=18.0Mi, NumGC=2	caller=stat/usage.go:61
2023-06-13T18:31:03.419+08:00	[32;1m stat [0m	(api) shedding_stat [1m], cpu: 0, total: 0, pass: 0, drop: 0	caller=load/sheddingstat.go:61
2023-06-13T18:31:10.376+08:00	[32;1m stat [0m	(user) - qps: 0.0/s, drops: 0, avg time: 0.0ms, med: 0.0ms, 90th: 0.0ms, 99th: 0.0ms, 99.9th: 0.0ms	caller=stat/metrics.go:210
2023-06-13T18:32:03.364+08:00	[32;1m stat [0m	CPU: 0m, MEMORY: Alloc=3.4Mi, TotalAlloc=6.5Mi, Sys=18.0Mi, NumGC=3	caller=stat/usage.go:61
2023-06-13T18:32:03.411+08:00	[32;1m stat [0m	(api) shedding_stat [1m], cpu: 0, total: 0, pass: 0, drop: 0	caller=load/sheddingstat.go:61
2023-06-13T18:32:10.366+08:00	[32;1m stat [0m	(user) - qps: 0.0/s, drops: 0, avg time: 0.0ms, med: 0.0ms, 90th: 0.0ms, 99th: 0.0ms, 99.9th: 0.0ms	caller=stat/metrics.go:210
2023-06-13T18:33:03.362+08:00	[32;1m stat [0m	CPU: 0m, MEMORY: Alloc=3.4Mi, TotalAlloc=6.5Mi, Sys=18.0Mi, NumGC=3	caller=stat/usage.go:61
2023-06-13T18:33:03.410+08:00	[32;1m stat [0m	(api) shedding_stat [1m], cpu: 0, total: 0, pass: 0, drop: 0	caller=load/sheddingstat.go:61
2023-06-13T18:33:10.367+08:00	[32;1m stat [0m	(user) - qps: 0.0/s, drops: 0, avg time: 0.0ms, med: 0.0ms, 90th: 0.0ms, 99th: 0.0ms, 99.9th: 0.0ms	caller=stat/metrics.go:210
2023-06-13T18:34:03.366+08:00	[32;1m stat [0m	CPU: 0m, MEMORY: Alloc=3.4Mi, TotalAlloc=6.6Mi, Sys=18.3Mi, NumGC=4	caller=stat/usage.go:61
2023-06-13T18:34:03.413+08:00	[32;1m stat [0m	(api) shedding_stat [1m], cpu: 0, total: 0, pass: 0, drop: 0	caller=load/sheddingstat.go:61
2023-06-13T18:34:10.367+08:00	[32;1m stat [0m	(user) - qps: 0.0/s, drops: 0, avg time: 0.0ms, med: 0.0ms, 90th: 0.0ms, 99th: 0.0ms, 99.9th: 0.0ms	caller=stat/metrics.go:210
2023-06-13T18:35:03.375+08:00	[32;1m stat [0m	CPU: 0m, MEMORY: Alloc=3.5Mi, TotalAlloc=6.7Mi, Sys=18.3Mi, NumGC=4	caller=stat/usage.go:61
2023-06-13T18:35:03.408+08:00	[32;1m stat [0m	(api) shedding_stat [1m], cpu: 0, total: 0, pass: 0, drop: 0	caller=load/sheddingstat.go:61
2023-06-13T18:35:10.375+08:00	[32;1m stat [0m	(user) - qps: 0.0/s, drops: 0, avg time: 0.0ms, med: 0.0ms, 90th: 0.0ms, 99th: 0.0ms, 99.9th: 0.0ms	caller=stat/metrics.go:210
2023-06-13T18:36:03.364+08:00	[32;1m stat [0m	CPU: 0m, MEMORY: Alloc=3.4Mi, TotalAlloc=6.7Mi, Sys=18.3Mi, NumGC=5	caller=stat/usage.go:61
2023-06-13T18:36:03.412+08:00	[32;1m stat [0m	(api) shedding_stat [1m], cpu: 0, total: 0, pass: 0, drop: 0	caller=load/sheddingstat.go:61
2023-06-13T18:36:29.202+08:00	[32;1m stat [0m	p2c - conn: 192.168.107.1:8888, load: 2112, reqs: 1	caller=p2c/p2c.go:181
2023-06-13T18:37:24.128+08:00	[32;1m stat [0m	CPU: 0m, MEMORY: Alloc=3.7Mi, TotalAlloc=6.7Mi, Sys=19.3Mi, NumGC=3	caller=stat/usage.go:61
2023-06-13T18:37:24.176+08:00	[32;1m stat [0m	(api) shedding_stat [1m], cpu: 0, total: 5, pass: 5, drop: 0	caller=load/sheddingstat.go:61
2023-06-13T18:37:29.211+08:00	[32;1m stat [0m	(user) - qps: 0.1/s, drops: 0, avg time: 3.3ms, med: 3.4ms, 90th: 6.0ms, 99th: 6.0ms, 99.9th: 6.0ms	caller=stat/metrics.go:210
2023-06-13T18:38:24.114+08:00	[32;1m stat [0m	CPU: 0m, MEMORY: Alloc=3.9Mi, TotalAlloc=6.9Mi, Sys=19.3Mi, NumGC=3	caller=stat/usage.go:61
2023-06-13T18:38:24.176+08:00	[32;1m stat [0m	(api) shedding_stat [1m], cpu: 0, total: 3, pass: 3, drop: 0	caller=load/sheddingstat.go:61
2023-06-13T18:38:27.250+08:00	[32;1m stat [0m	p2c - conn: 192.168.107.1:8888, load: 1487, reqs: 6	caller=p2c/p2c.go:181
2023-06-13T18:38:29.215+08:00	[32;1m stat [0m	(user) - qps: 0.1/s, drops: 0, avg time: 0.7ms, med: 2.2ms, 90th: 2.2ms, 99th: 2.2ms, 99.9th: 2.2ms	caller=stat/metrics.go:210
2023-06-13T18:39:24.115+08:00	[32;1m stat [0m	CPU: 0m, MEMORY: Alloc=3.6Mi, TotalAlloc=7.0Mi, Sys=19.3Mi, NumGC=4	caller=stat/usage.go:61
2023-06-13T18:39:24.177+08:00	[32;1m stat [0m	(api) shedding_stat [1m], cpu: 0, total: 1, pass: 1, drop: 0	caller=load/sheddingstat.go:61
2023-06-13T18:39:29.211+08:00	[32;1m stat [0m	(user) - qps: 0.0/s, drops: 0, avg time: 0.0ms, med: 0.0ms, 90th: 0.0ms, 99th: 0.0ms, 99.9th: 0.0ms	caller=stat/metrics.go:210
2023-06-13T18:40:24.126+08:00	[32;1m stat [0m	CPU: 0m, MEMORY: Alloc=3.6Mi, TotalAlloc=7.0Mi, Sys=19.3Mi, NumGC=4	caller=stat/usage.go:61
2023-06-13T18:40:24.173+08:00	[32;1m stat [0m	(api) shedding_stat [1m], cpu: 0, total: 0, pass: 0, drop: 0	caller=load/sheddingstat.go:61
2023-06-13T18:40:29.210+08:00	[32;1m stat [0m	(user) - qps: 0.0/s, drops: 0, avg time: 0.0ms, med: 0.0ms, 90th: 0.0ms, 99th: 0.0ms, 99.9th: 0.0ms	caller=stat/metrics.go:210
2023-06-13T18:41:23.916+08:00	[32;1m stat [0m	p2c - conn: 192.168.107.1:8888, load: 1623, reqs: 1	caller=p2c/p2c.go:181
2023-06-13T18:41:24.126+08:00	[32;1m stat [0m	CPU: 0m, MEMORY: Alloc=3.5Mi, TotalAlloc=7.1Mi, Sys=19.3Mi, NumGC=5	caller=stat/usage.go:61
2023-06-13T18:41:24.174+08:00	[32;1m stat [0m	(api) shedding_stat [1m], cpu: 0, total: 1, pass: 1, drop: 0	caller=load/sheddingstat.go:61
2023-06-13T18:41:29.209+08:00	[32;1m stat [0m	(user) - qps: 0.0/s, drops: 0, avg time: 2.0ms, med: 2.6ms, 90th: 2.6ms, 99th: 2.6ms, 99.9th: 2.6ms	caller=stat/metrics.go:210
2023-06-13T18:42:24.124+08:00	[32;1m stat [0m	CPU: 0m, MEMORY: Alloc=3.7Mi, TotalAlloc=7.2Mi, Sys=19.3Mi, NumGC=5	caller=stat/usage.go:61
2023-06-13T18:42:24.171+08:00	[32;1m stat [0m	(api) shedding_stat [1m], cpu: 0, total: 2, pass: 2, drop: 0	caller=load/sheddingstat.go:61
2023-06-13T18:42:29.213+08:00	[32;1m stat [0m	(user) - qps: 0.0/s, drops: 0, avg time: 0.5ms, med: 1.2ms, 90th: 1.2ms, 99th: 1.2ms, 99.9th: 1.2ms	caller=stat/metrics.go:210
2023-06-13T18:43:24.117+08:00	[32;1m stat [0m	CPU: 0m, MEMORY: Alloc=3.5Mi, TotalAlloc=7.3Mi, Sys=19.3Mi, NumGC=6	caller=stat/usage.go:61
2023-06-13T18:43:24.180+08:00	[32;1m stat [0m	(api) shedding_stat [1m], cpu: 0, total: 0, pass: 0, drop: 0	caller=load/sheddingstat.go:61
2023-06-13T18:43:29.209+08:00	[32;1m stat [0m	(user) - qps: 0.0/s, drops: 0, avg time: 0.0ms, med: 0.0ms, 90th: 0.0ms, 99th: 0.0ms, 99.9th: 0.0ms	caller=stat/metrics.go:210
2023-06-13T18:44:24.128+08:00	[32;1m stat [0m	CPU: 0m, MEMORY: Alloc=3.5Mi, TotalAlloc=7.3Mi, Sys=19.3Mi, NumGC=6	caller=stat/usage.go:61
2023-06-13T18:44:24.173+08:00	[32;1m stat [0m	(api) shedding_stat [1m], cpu: 0, total: 0, pass: 0, drop: 0	caller=load/sheddingstat.go:61
2023-06-13T18:44:29.216+08:00	[32;1m stat [0m	(user) - qps: 0.0/s, drops: 0, avg time: 0.0ms, med: 0.0ms, 90th: 0.0ms, 99th: 0.0ms, 99.9th: 0.0ms	caller=stat/metrics.go:210
2023-06-13T22:55:26.032+08:00	[32;1m stat [0m	p2c - conn: 192.168.107.1:8888, load: 11474, reqs: 1	caller=p2c/p2c.go:181
2023-06-13T22:56:00.301+08:00	[32;1m stat [0m	CPU: 0m, MEMORY: Alloc=3.6Mi, TotalAlloc=6.5Mi, Sys=18.5Mi, NumGC=3	caller=stat/usage.go:61
2023-06-13T22:56:00.333+08:00	[32;1m stat [0m	(api) shedding_stat [1m], cpu: 0, total: 1, pass: 1, drop: 0	caller=load/sheddingstat.go:61
2023-06-13T22:56:26.040+08:00	[32;1m stat [0m	(user) - qps: 0.0/s, drops: 0, avg time: 132.0ms, med: 132.5ms, 90th: 132.5ms, 99th: 132.5ms, 99.9th: 132.5ms	caller=stat/metrics.go:210
2023-06-13T22:57:00.299+08:00	[32;1m stat [0m	CPU: 0m, MEMORY: Alloc=3.7Mi, TotalAlloc=6.5Mi, Sys=18.5Mi, NumGC=3	caller=stat/usage.go:61
2023-06-13T22:57:00.331+08:00	[32;1m stat [0m	(api) shedding_stat [1m], cpu: 0, total: 0, pass: 0, drop: 0	caller=load/sheddingstat.go:61
2023-06-13T22:57:26.047+08:00	[32;1m stat [0m	(user) - qps: 0.0/s, drops: 0, avg time: 0.0ms, med: 0.0ms, 90th: 0.0ms, 99th: 0.0ms, 99.9th: 0.0ms	caller=stat/metrics.go:210
2023-06-13T22:58:00.305+08:00	[32;1m stat [0m	CPU: 0m, MEMORY: Alloc=3.4Mi, TotalAlloc=6.5Mi, Sys=18.5Mi, NumGC=4	caller=stat/usage.go:61
2023-06-13T22:58:00.337+08:00	[32;1m stat [0m	(api) shedding_stat [1m], cpu: 0, total: 0, pass: 0, drop: 0	caller=load/sheddingstat.go:61
2023-06-13T22:58:26.040+08:00	[32;1m stat [0m	(user) - qps: 0.0/s, drops: 0, avg time: 0.0ms, med: 0.0ms, 90th: 0.0ms, 99th: 0.0ms, 99.9th: 0.0ms	caller=stat/metrics.go:210
2023-06-13T22:59:00.307+08:00	[32;1m stat [0m	CPU: 0m, MEMORY: Alloc=3.4Mi, TotalAlloc=6.6Mi, Sys=18.5Mi, NumGC=4	caller=stat/usage.go:61
2023-06-13T22:59:00.339+08:00	[32;1m stat [0m	(api) shedding_stat [1m], cpu: 0, total: 0, pass: 0, drop: 0	caller=load/sheddingstat.go:61
2023-06-13T22:59:26.046+08:00	[32;1m stat [0m	(user) - qps: 0.0/s, drops: 0, avg time: 0.0ms, med: 0.0ms, 90th: 0.0ms, 99th: 0.0ms, 99.9th: 0.0ms	caller=stat/metrics.go:210
2023-06-13T23:00:00.312+08:00	[32;1m stat [0m	CPU: 0m, MEMORY: Alloc=3.4Mi, TotalAlloc=6.6Mi, Sys=18.5Mi, NumGC=5	caller=stat/usage.go:61
2023-06-13T23:00:00.327+08:00	[32;1m stat [0m	(api) shedding_stat [1m], cpu: 0, total: 0, pass: 0, drop: 0	caller=load/sheddingstat.go:61
2023-06-13T23:00:26.034+08:00	[32;1m stat [0m	(user) - qps: 0.0/s, drops: 0, avg time: 0.0ms, med: 0.0ms, 90th: 0.0ms, 99th: 0.0ms, 99.9th: 0.0ms	caller=stat/metrics.go:210
2023-06-13T23:01:00.308+08:00	[32;1m stat [0m	CPU: 0m, MEMORY: Alloc=3.5Mi, TotalAlloc=6.7Mi, Sys=18.5Mi, NumGC=5	caller=stat/usage.go:61
2023-06-13T23:01:00.339+08:00	[32;1m stat [0m	(api) shedding_stat [1m], cpu: 0, total: 0, pass: 0, drop: 0	caller=load/sheddingstat.go:61
2023-06-13T23:01:26.038+08:00	[32;1m stat [0m	(user) - qps: 0.0/s, drops: 0, avg time: 0.0ms, med: 0.0ms, 90th: 0.0ms, 99th: 0.0ms, 99.9th: 0.0ms	caller=stat/metrics.go:210
2023-06-13T23:02:00.303+08:00	[32;1m stat [0m	CPU: 0m, MEMORY: Alloc=3.4Mi, TotalAlloc=6.7Mi, Sys=18.5Mi, NumGC=6	caller=stat/usage.go:61
2023-06-13T23:02:00.335+08:00	[32;1m stat [0m	(api) shedding_stat [1m], cpu: 0, total: 0, pass: 0, drop: 0	caller=load/sheddingstat.go:61
2023-06-13T23:02:26.038+08:00	[32;1m stat [0m	(user) - qps: 0.0/s, drops: 0, avg time: 0.0ms, med: 0.0ms, 90th: 0.0ms, 99th: 0.0ms, 99.9th: 0.0ms	caller=stat/metrics.go:210
2023-06-13T23:03:00.301+08:00	[32;1m stat [0m	CPU: 0m, MEMORY: Alloc=3.4Mi, TotalAlloc=6.8Mi, Sys=18.5Mi, NumGC=6	caller=stat/usage.go:61
2023-06-13T23:03:00.333+08:00	[32;1m stat [0m	(api) shedding_stat [1m], cpu: 0, total: 0, pass: 0, drop: 0	caller=load/sheddingstat.go:61
2023-06-13T23:03:26.047+08:00	[32;1m stat [0m	(user) - qps: 0.0/s, drops: 0, avg time: 0.0ms, med: 0.0ms, 90th: 0.0ms, 99th: 0.0ms, 99.9th: 0.0ms	caller=stat/metrics.go:210
2023-06-13T23:04:00.304+08:00	[32;1m stat [0m	CPU: 0m, MEMORY: Alloc=3.4Mi, TotalAlloc=6.8Mi, Sys=18.8Mi, NumGC=7	caller=stat/usage.go:61
2023-06-13T23:04:00.335+08:00	[32;1m stat [0m	(api) shedding_stat [1m], cpu: 0, total: 0, pass: 0, drop: 0	caller=load/sheddingstat.go:61
2023-06-13T23:04:26.042+08:00	[32;1m stat [0m	(user) - qps: 0.0/s, drops: 0, avg time: 0.0ms, med: 0.0ms, 90th: 0.0ms, 99th: 0.0ms, 99.9th: 0.0ms	caller=stat/metrics.go:210
2023-06-13T23:05:00.308+08:00	[32;1m stat [0m	CPU: 0m, MEMORY: Alloc=3.4Mi, TotalAlloc=6.8Mi, Sys=18.8Mi, NumGC=7	caller=stat/usage.go:61
2023-06-13T23:05:00.324+08:00	[32;1m stat [0m	(api) shedding_stat [1m], cpu: 0, total: 0, pass: 0, drop: 0	caller=load/sheddingstat.go:61
2023-06-13T23:05:26.040+08:00	[32;1m stat [0m	(user) - qps: 0.0/s, drops: 0, avg time: 0.0ms, med: 0.0ms, 90th: 0.0ms, 99th: 0.0ms, 99.9th: 0.0ms	caller=stat/metrics.go:210
2023-06-13T23:06:00.310+08:00	[32;1m stat [0m	CPU: 0m, MEMORY: Alloc=3.5Mi, TotalAlloc=7.0Mi, Sys=18.8Mi, NumGC=8	caller=stat/usage.go:61
2023-06-13T23:06:00.325+08:00	[32;1m stat [0m	(api) shedding_stat [1m], cpu: 0, total: 0, pass: 0, drop: 0	caller=load/sheddingstat.go:61
2023-06-13T23:06:26.047+08:00	[32;1m stat [0m	(user) - qps: 0.0/s, drops: 0, avg time: 0.0ms, med: 0.0ms, 90th: 0.0ms, 99th: 0.0ms, 99.9th: 0.0ms	caller=stat/metrics.go:210
2023-06-13T23:07:00.308+08:00	[32;1m stat [0m	CPU: 0m, MEMORY: Alloc=3.5Mi, TotalAlloc=7.0Mi, Sys=18.8Mi, NumGC=8	caller=stat/usage.go:61
2023-06-13T23:07:00.339+08:00	[32;1m stat [0m	(api) shedding_stat [1m], cpu: 0, total: 0, pass: 0, drop: 0	caller=load/sheddingstat.go:61
2023-06-13T23:07:26.035+08:00	[32;1m stat [0m	(user) - qps: 0.0/s, drops: 0, avg time: 0.0ms, med: 0.0ms, 90th: 0.0ms, 99th: 0.0ms, 99.9th: 0.0ms	caller=stat/metrics.go:210
2023-06-13T23:08:00.299+08:00	[32;1m stat [0m	CPU: 0m, MEMORY: Alloc=3.4Mi, TotalAlloc=7.0Mi, Sys=18.8Mi, NumGC=9	caller=stat/usage.go:61
2023-06-13T23:08:00.330+08:00	[32;1m stat [0m	(api) shedding_stat [1m], cpu: 0, total: 0, pass: 0, drop: 0	caller=load/sheddingstat.go:61
2023-06-13T23:08:26.042+08:00	[32;1m stat [0m	(user) - qps: 0.0/s, drops: 0, avg time: 0.0ms, med: 0.0ms, 90th: 0.0ms, 99th: 0.0ms, 99.9th: 0.0ms	caller=stat/metrics.go:210
2023-06-13T23:09:00.302+08:00	[32;1m stat [0m	CPU: 0m, MEMORY: Alloc=3.4Mi, TotalAlloc=7.0Mi, Sys=18.8Mi, NumGC=9	caller=stat/usage.go:61
2023-06-13T23:09:00.333+08:00	[32;1m stat [0m	(api) shedding_stat [1m], cpu: 0, total: 0, pass: 0, drop: 0	caller=load/sheddingstat.go:61
2023-06-13T23:09:26.041+08:00	[32;1m stat [0m	(user) - qps: 0.0/s, drops: 0, avg time: 0.0ms, med: 0.0ms, 90th: 0.0ms, 99th: 0.0ms, 99.9th: 0.0ms	caller=stat/metrics.go:210
2023-06-13T23:10:00.312+08:00	[32;1m stat [0m	CPU: 0m, MEMORY: Alloc=3.4Mi, TotalAlloc=7.0Mi, Sys=18.8Mi, NumGC=10	caller=stat/usage.go:61
2023-06-13T23:10:00.327+08:00	[32;1m stat [0m	(api) shedding_stat [1m], cpu: 0, total: 0, pass: 0, drop: 0	caller=load/sheddingstat.go:61
2023-06-13T23:10:26.046+08:00	[32;1m stat [0m	(user) - qps: 0.0/s, drops: 0, avg time: 0.0ms, med: 0.0ms, 90th: 0.0ms, 99th: 0.0ms, 99.9th: 0.0ms	caller=stat/metrics.go:210
2023-06-13T23:11:00.310+08:00	[32;1m stat [0m	CPU: 0m, MEMORY: Alloc=3.5Mi, TotalAlloc=7.2Mi, Sys=18.8Mi, NumGC=10	caller=stat/usage.go:61
2023-06-13T23:11:00.326+08:00	[32;1m stat [0m	(api) shedding_stat [1m], cpu: 0, total: 0, pass: 0, drop: 0	caller=load/sheddingstat.go:61
2023-06-13T23:11:26.039+08:00	[32;1m stat [0m	(user) - qps: 0.0/s, drops: 0, avg time: 0.0ms, med: 0.0ms, 90th: 0.0ms, 99th: 0.0ms, 99.9th: 0.0ms	caller=stat/metrics.go:210
2023-06-13T23:12:00.310+08:00	[32;1m stat [0m	CPU: 0m, MEMORY: Alloc=3.4Mi, TotalAlloc=7.2Mi, Sys=18.8Mi, NumGC=11	caller=stat/usage.go:61
2023-06-13T23:12:00.326+08:00	[32;1m stat [0m	(api) shedding_stat [1m], cpu: 0, total: 0, pass: 0, drop: 0	caller=load/sheddingstat.go:61
2023-06-13T23:12:26.035+08:00	[32;1m stat [0m	(user) - qps: 0.0/s, drops: 0, avg time: 0.0ms, med: 0.0ms, 90th: 0.0ms, 99th: 0.0ms, 99.9th: 0.0ms	caller=stat/metrics.go:210
2023-06-13T23:13:00.307+08:00	[32;1m stat [0m	CPU: 0m, MEMORY: Alloc=3.4Mi, TotalAlloc=7.2Mi, Sys=18.8Mi, NumGC=11	caller=stat/usage.go:61
2023-06-13T23:13:00.338+08:00	[32;1m stat [0m	(api) shedding_stat [1m], cpu: 0, total: 0, pass: 0, drop: 0	caller=load/sheddingstat.go:61
2023-06-13T23:13:26.041+08:00	[32;1m stat [0m	(user) - qps: 0.0/s, drops: 0, avg time: 0.0ms, med: 0.0ms, 90th: 0.0ms, 99th: 0.0ms, 99.9th: 0.0ms	caller=stat/metrics.go:210
2023-06-13T23:14:00.307+08:00	[32;1m stat [0m	CPU: 0m, MEMORY: Alloc=3.4Mi, TotalAlloc=7.3Mi, Sys=18.8Mi, NumGC=12	caller=stat/usage.go:61
2023-06-13T23:14:00.338+08:00	[32;1m stat [0m	(api) shedding_stat [1m], cpu: 0, total: 0, pass: 0, drop: 0	caller=load/sheddingstat.go:61
2023-06-13T23:14:26.035+08:00	[32;1m stat [0m	(user) - qps: 0.0/s, drops: 0, avg time: 0.0ms, med: 0.0ms, 90th: 0.0ms, 99th: 0.0ms, 99.9th: 0.0ms	caller=stat/metrics.go:210
2023-06-13T23:15:00.303+08:00	[32;1m stat [0m	CPU: 0m, MEMORY: Alloc=3.4Mi, TotalAlloc=7.3Mi, Sys=18.8Mi, NumGC=12	caller=stat/usage.go:61
2023-06-13T23:15:00.334+08:00	[32;1m stat [0m	(api) shedding_stat [1m], cpu: 0, total: 0, pass: 0, drop: 0	caller=load/sheddingstat.go:61
2023-06-13T23:15:26.045+08:00	[32;1m stat [0m	(user) - qps: 0.0/s, drops: 0, avg time: 0.0ms, med: 0.0ms, 90th: 0.0ms, 99th: 0.0ms, 99.9th: 0.0ms	caller=stat/metrics.go:210
2023-06-13T23:16:00.300+08:00	[32;1m stat [0m	CPU: 0m, MEMORY: Alloc=3.5Mi, TotalAlloc=7.4Mi, Sys=18.8Mi, NumGC=13	caller=stat/usage.go:61
2023-06-13T23:16:00.330+08:00	[32;1m stat [0m	(api) shedding_stat [1m], cpu: 0, total: 0, pass: 0, drop: 0	caller=load/sheddingstat.go:61
2023-06-13T23:16:26.038+08:00	[32;1m stat [0m	(user) - qps: 0.0/s, drops: 0, avg time: 0.0ms, med: 0.0ms, 90th: 0.0ms, 99th: 0.0ms, 99.9th: 0.0ms	caller=stat/metrics.go:210
2023-06-13T23:17:00.312+08:00	[32;1m stat [0m	CPU: 0m, MEMORY: Alloc=3.5Mi, TotalAlloc=7.4Mi, Sys=18.8Mi, NumGC=13	caller=stat/usage.go:61
2023-06-13T23:17:00.327+08:00	[32;1m stat [0m	(api) shedding_stat [1m], cpu: 0, total: 0, pass: 0, drop: 0	caller=load/sheddingstat.go:61
2023-06-13T23:17:26.043+08:00	[32;1m stat [0m	(user) - qps: 0.0/s, drops: 0, avg time: 0.0ms, med: 0.0ms, 90th: 0.0ms, 99th: 0.0ms, 99.9th: 0.0ms	caller=stat/metrics.go:210
2023-06-13T23:18:00.307+08:00	[32;1m stat [0m	CPU: 0m, MEMORY: Alloc=3.4Mi, TotalAlloc=7.5Mi, Sys=18.8Mi, NumGC=14	caller=stat/usage.go:61
2023-06-13T23:18:00.338+08:00	[32;1m stat [0m	(api) shedding_stat [1m], cpu: 0, total: 0, pass: 0, drop: 0	caller=load/sheddingstat.go:61
2023-06-13T23:18:26.037+08:00	[32;1m stat [0m	(user) - qps: 0.0/s, drops: 0, avg time: 0.0ms, med: 0.0ms, 90th: 0.0ms, 99th: 0.0ms, 99.9th: 0.0ms	caller=stat/metrics.go:210
2023-06-13T23:19:00.303+08:00	[32;1m stat [0m	CPU: 0m, MEMORY: Alloc=3.4Mi, TotalAlloc=7.5Mi, Sys=18.8Mi, NumGC=14	caller=stat/usage.go:61
2023-06-13T23:19:00.334+08:00	[32;1m stat [0m	(api) shedding_stat [1m], cpu: 0, total: 0, pass: 0, drop: 0	caller=load/sheddingstat.go:61
2023-06-13T23:19:26.038+08:00	[32;1m stat [0m	(user) - qps: 0.0/s, drops: 0, avg time: 0.0ms, med: 0.0ms, 90th: 0.0ms, 99th: 0.0ms, 99.9th: 0.0ms	caller=stat/metrics.go:210
2023-06-13T23:20:00.309+08:00	[32;1m stat [0m	CPU: 0m, MEMORY: Alloc=3.4Mi, TotalAlloc=7.5Mi, Sys=18.8Mi, NumGC=15	caller=stat/usage.go:61
2023-06-13T23:20:00.325+08:00	[32;1m stat [0m	(api) shedding_stat [1m], cpu: 0, total: 0, pass: 0, drop: 0	caller=load/sheddingstat.go:61
2023-06-13T23:20:26.039+08:00	[32;1m stat [0m	(user) - qps: 0.0/s, drops: 0, avg time: 0.0ms, med: 0.0ms, 90th: 0.0ms, 99th: 0.0ms, 99.9th: 0.0ms	caller=stat/metrics.go:210
2023-06-13T23:21:00.300+08:00	[32;1m stat [0m	CPU: 0m, MEMORY: Alloc=3.5Mi, TotalAlloc=7.6Mi, Sys=18.8Mi, NumGC=15	caller=stat/usage.go:61
2023-06-13T23:21:00.331+08:00	[32;1m stat [0m	(api) shedding_stat [1m], cpu: 0, total: 0, pass: 0, drop: 0	caller=load/sheddingstat.go:61
2023-06-13T23:21:26.040+08:00	[32;1m stat [0m	(user) - qps: 0.0/s, drops: 0, avg time: 0.0ms, med: 0.0ms, 90th: 0.0ms, 99th: 0.0ms, 99.9th: 0.0ms	caller=stat/metrics.go:210
2023-06-13T23:22:00.299+08:00	[32;1m stat [0m	CPU: 0m, MEMORY: Alloc=3.4Mi, TotalAlloc=7.7Mi, Sys=18.8Mi, NumGC=16	caller=stat/usage.go:61
2023-06-13T23:22:00.331+08:00	[32;1m stat [0m	(api) shedding_stat [1m], cpu: 0, total: 0, pass: 0, drop: 0	caller=load/sheddingstat.go:61
2023-06-13T23:22:26.041+08:00	[32;1m stat [0m	(user) - qps: 0.0/s, drops: 0, avg time: 0.0ms, med: 0.0ms, 90th: 0.0ms, 99th: 0.0ms, 99.9th: 0.0ms	caller=stat/metrics.go:210
2023-06-13T23:23:00.308+08:00	[32;1m stat [0m	CPU: 0m, MEMORY: Alloc=3.4Mi, TotalAlloc=7.7Mi, Sys=18.8Mi, NumGC=16	caller=stat/usage.go:61
2023-06-13T23:23:00.338+08:00	[32;1m stat [0m	(api) shedding_stat [1m], cpu: 0, total: 0, pass: 0, drop: 0	caller=load/sheddingstat.go:61
2023-06-13T23:23:26.038+08:00	[32;1m stat [0m	(user) - qps: 0.0/s, drops: 0, avg time: 0.0ms, med: 0.0ms, 90th: 0.0ms, 99th: 0.0ms, 99.9th: 0.0ms	caller=stat/metrics.go:210
2023-06-13T23:24:00.309+08:00	[32;1m stat [0m	CPU: 0m, MEMORY: Alloc=3.4Mi, TotalAlloc=7.7Mi, Sys=18.8Mi, NumGC=17	caller=stat/usage.go:61
2023-06-13T23:24:00.339+08:00	[32;1m stat [0m	(api) shedding_stat [1m], cpu: 0, total: 0, pass: 0, drop: 0	caller=load/sheddingstat.go:61
2023-06-13T23:24:26.041+08:00	[32;1m stat [0m	(user) - qps: 0.0/s, drops: 0, avg time: 0.0ms, med: 0.0ms, 90th: 0.0ms, 99th: 0.0ms, 99.9th: 0.0ms	caller=stat/metrics.go:210
2023-06-13T23:25:00.307+08:00	[32;1m stat [0m	CPU: 0m, MEMORY: Alloc=3.4Mi, TotalAlloc=7.7Mi, Sys=18.8Mi, NumGC=17	caller=stat/usage.go:61
2023-06-13T23:25:00.339+08:00	[32;1m stat [0m	(api) shedding_stat [1m], cpu: 0, total: 0, pass: 0, drop: 0	caller=load/sheddingstat.go:61
2023-06-13T23:25:26.038+08:00	[32;1m stat [0m	(user) - qps: 0.0/s, drops: 0, avg time: 0.0ms, med: 0.0ms, 90th: 0.0ms, 99th: 0.0ms, 99.9th: 0.0ms	caller=stat/metrics.go:210
2023-06-13T23:26:00.315+08:00	[32;1m stat [0m	CPU: 0m, MEMORY: Alloc=3.5Mi, TotalAlloc=7.9Mi, Sys=18.8Mi, NumGC=18	caller=stat/usage.go:61
2023-06-13T23:26:00.327+08:00	[32;1m stat [0m	(api) shedding_stat [1m], cpu: 0, total: 0, pass: 0, drop: 0	caller=load/sheddingstat.go:61
2023-06-13T23:26:26.037+08:00	[32;1m stat [0m	(user) - qps: 0.0/s, drops: 0, avg time: 0.0ms, med: 0.0ms, 90th: 0.0ms, 99th: 0.0ms, 99.9th: 0.0ms	caller=stat/metrics.go:210
2023-06-13T23:26:29.033+08:00	[32;1m stat [0m	p2c - conn: 192.168.107.1:8888, load: 1669, reqs: 1	caller=p2c/p2c.go:181
2023-06-13T23:27:00.312+08:00	[32;1m stat [0m	CPU: 0m, MEMORY: Alloc=3.6Mi, TotalAlloc=8.0Mi, Sys=18.8Mi, NumGC=18	caller=stat/usage.go:61
2023-06-13T23:27:00.328+08:00	[32;1m stat [0m	(api) shedding_stat [1m], cpu: 0, total: 1, pass: 1, drop: 0	caller=load/sheddingstat.go:61
2023-06-13T23:27:26.048+08:00	[32;1m stat [0m	(user) - qps: 0.0/s, drops: 0, avg time: 3.0ms, med: 3.3ms, 90th: 3.3ms, 99th: 3.3ms, 99.9th: 3.3ms	caller=stat/metrics.go:210
2023-06-13T23:28:00.310+08:00	[32;1m stat [0m	CPU: 0m, MEMORY: Alloc=3.4Mi, TotalAlloc=8.0Mi, Sys=18.8Mi, NumGC=19	caller=stat/usage.go:61
2023-06-13T23:28:00.326+08:00	[32;1m stat [0m	(api) shedding_stat [1m], cpu: 0, total: 0, pass: 0, drop: 0	caller=load/sheddingstat.go:61
2023-06-13T23:28:26.047+08:00	[32;1m stat [0m	(user) - qps: 0.0/s, drops: 0, avg time: 0.0ms, med: 0.0ms, 90th: 0.0ms, 99th: 0.0ms, 99.9th: 0.0ms	caller=stat/metrics.go:210
2023-06-13T23:29:00.309+08:00	[32;1m stat [0m	CPU: 0m, MEMORY: Alloc=3.4Mi, TotalAlloc=8.0Mi, Sys=18.8Mi, NumGC=19	caller=stat/usage.go:61
2023-06-13T23:29:00.325+08:00	[32;1m stat [0m	(api) shedding_stat [1m], cpu: 0, total: 0, pass: 0, drop: 0	caller=load/sheddingstat.go:61
2023-06-13T23:29:26.042+08:00	[32;1m stat [0m	(user) - qps: 0.0/s, drops: 0, avg time: 0.0ms, med: 0.0ms, 90th: 0.0ms, 99th: 0.0ms, 99.9th: 0.0ms	caller=stat/metrics.go:210
2023-06-13T23:30:00.306+08:00	[32;1m stat [0m	CPU: 0m, MEMORY: Alloc=3.4Mi, TotalAlloc=8.1Mi, Sys=18.8Mi, NumGC=20	caller=stat/usage.go:61
2023-06-13T23:30:00.338+08:00	[32;1m stat [0m	(api) shedding_stat [1m], cpu: 0, total: 0, pass: 0, drop: 0	caller=load/sheddingstat.go:61
2023-06-13T23:30:26.043+08:00	[32;1m stat [0m	(user) - qps: 0.0/s, drops: 0, avg time: 0.0ms, med: 0.0ms, 90th: 0.0ms, 99th: 0.0ms, 99.9th: 0.0ms	caller=stat/metrics.go:210
2023-06-13T23:31:00.302+08:00	[32;1m stat [0m	CPU: 0m, MEMORY: Alloc=3.4Mi, TotalAlloc=8.1Mi, Sys=18.8Mi, NumGC=20	caller=stat/usage.go:61
2023-06-13T23:31:00.334+08:00	[32;1m stat [0m	(api) shedding_stat [1m], cpu: 0, total: 0, pass: 0, drop: 0	caller=load/sheddingstat.go:61
2023-06-13T23:31:26.038+08:00	[32;1m stat [0m	(user) - qps: 0.0/s, drops: 0, avg time: 0.0ms, med: 0.0ms, 90th: 0.0ms, 99th: 0.0ms, 99.9th: 0.0ms	caller=stat/metrics.go:210
2023-06-13T23:32:00.306+08:00	[32;1m stat [0m	CPU: 0m, MEMORY: Alloc=3.5Mi, TotalAlloc=8.2Mi, Sys=18.8Mi, NumGC=21	caller=stat/usage.go:61
2023-06-13T23:32:00.337+08:00	[32;1m stat [0m	(api) shedding_stat [1m], cpu: 0, total: 0, pass: 0, drop: 0	caller=load/sheddingstat.go:61
2023-06-13T23:32:26.038+08:00	[32;1m stat [0m	(user) - qps: 0.0/s, drops: 0, avg time: 0.0ms, med: 0.0ms, 90th: 0.0ms, 99th: 0.0ms, 99.9th: 0.0ms	caller=stat/metrics.go:210
2023-06-13T23:33:00.307+08:00	[32;1m stat [0m	CPU: 0m, MEMORY: Alloc=3.5Mi, TotalAlloc=8.2Mi, Sys=18.8Mi, NumGC=21	caller=stat/usage.go:61
2023-06-13T23:33:00.339+08:00	[32;1m stat [0m	(api) shedding_stat [1m], cpu: 0, total: 0, pass: 0, drop: 0	caller=load/sheddingstat.go:61
2023-06-13T23:33:26.036+08:00	[32;1m stat [0m	(user) - qps: 0.0/s, drops: 0, avg time: 0.0ms, med: 0.0ms, 90th: 0.0ms, 99th: 0.0ms, 99.9th: 0.0ms	caller=stat/metrics.go:210
2023-06-13T23:34:00.310+08:00	[32;1m stat [0m	CPU: 0m, MEMORY: Alloc=3.4Mi, TotalAlloc=8.3Mi, Sys=18.8Mi, NumGC=22	caller=stat/usage.go:61
2023-06-13T23:34:00.326+08:00	[32;1m stat [0m	(api) shedding_stat [1m], cpu: 0, total: 0, pass: 0, drop: 0	caller=load/sheddingstat.go:61
2023-06-13T23:34:26.046+08:00	[32;1m stat [0m	(user) - qps: 0.0/s, drops: 0, avg time: 0.0ms, med: 0.0ms, 90th: 0.0ms, 99th: 0.0ms, 99.9th: 0.0ms	caller=stat/metrics.go:210
2023-06-13T23:35:00.301+08:00	[32;1m stat [0m	CPU: 0m, MEMORY: Alloc=3.4Mi, TotalAlloc=8.3Mi, Sys=18.8Mi, NumGC=22	caller=stat/usage.go:61
2023-06-13T23:35:00.333+08:00	[32;1m stat [0m	(api) shedding_stat [1m], cpu: 0, total: 0, pass: 0, drop: 0	caller=load/sheddingstat.go:61
2023-06-13T23:35:26.035+08:00	[32;1m stat [0m	(user) - qps: 0.0/s, drops: 0, avg time: 0.0ms, med: 0.0ms, 90th: 0.0ms, 99th: 0.0ms, 99.9th: 0.0ms	caller=stat/metrics.go:210
2023-06-13T23:36:00.300+08:00	[32;1m stat [0m	CPU: 0m, MEMORY: Alloc=3.4Mi, TotalAlloc=8.3Mi, Sys=18.8Mi, NumGC=23	caller=stat/usage.go:61
2023-06-13T23:36:00.330+08:00	[32;1m stat [0m	(api) shedding_stat [1m], cpu: 0, total: 0, pass: 0, drop: 0	caller=load/sheddingstat.go:61
2023-06-13T23:36:26.043+08:00	[32;1m stat [0m	(user) - qps: 0.0/s, drops: 0, avg time: 0.0ms, med: 0.0ms, 90th: 0.0ms, 99th: 0.0ms, 99.9th: 0.0ms	caller=stat/metrics.go:210
2023-06-13T23:37:00.300+08:00	[32;1m stat [0m	CPU: 0m, MEMORY: Alloc=3.5Mi, TotalAlloc=8.5Mi, Sys=18.8Mi, NumGC=23	caller=stat/usage.go:61
2023-06-13T23:37:00.330+08:00	[32;1m stat [0m	(api) shedding_stat [1m], cpu: 0, total: 0, pass: 0, drop: 0	caller=load/sheddingstat.go:61
2023-06-13T23:37:26.037+08:00	[32;1m stat [0m	(user) - qps: 0.0/s, drops: 0, avg time: 0.0ms, med: 0.0ms, 90th: 0.0ms, 99th: 0.0ms, 99.9th: 0.0ms	caller=stat/metrics.go:210
2023-06-13T23:38:00.301+08:00	[32;1m stat [0m	CPU: 0m, MEMORY: Alloc=3.4Mi, TotalAlloc=8.5Mi, Sys=18.8Mi, NumGC=24	caller=stat/usage.go:61
2023-06-13T23:38:00.333+08:00	[32;1m stat [0m	(api) shedding_stat [1m], cpu: 0, total: 0, pass: 0, drop: 0	caller=load/sheddingstat.go:61
2023-06-13T23:38:26.046+08:00	[32;1m stat [0m	(user) - qps: 0.0/s, drops: 0, avg time: 0.0ms, med: 0.0ms, 90th: 0.0ms, 99th: 0.0ms, 99.9th: 0.0ms	caller=stat/metrics.go:210
2023-06-13T23:39:00.309+08:00	[32;1m stat [0m	CPU: 0m, MEMORY: Alloc=3.4Mi, TotalAlloc=8.5Mi, Sys=18.8Mi, NumGC=24	caller=stat/usage.go:61
2023-06-13T23:39:00.339+08:00	[32;1m stat [0m	(api) shedding_stat [1m], cpu: 0, total: 0, pass: 0, drop: 0	caller=load/sheddingstat.go:61
2023-06-13T23:39:26.034+08:00	[32;1m stat [0m	(user) - qps: 0.0/s, drops: 0, avg time: 0.0ms, med: 0.0ms, 90th: 0.0ms, 99th: 0.0ms, 99.9th: 0.0ms	caller=stat/metrics.go:210
2023-06-13T23:40:00.301+08:00	[32;1m stat [0m	CPU: 0m, MEMORY: Alloc=3.4Mi, TotalAlloc=8.5Mi, Sys=18.8Mi, NumGC=25	caller=stat/usage.go:61
2023-06-13T23:40:00.333+08:00	[32;1m stat [0m	(api) shedding_stat [1m], cpu: 0, total: 0, pass: 0, drop: 0	caller=load/sheddingstat.go:61
2023-06-13T23:40:26.038+08:00	[32;1m stat [0m	(user) - qps: 0.0/s, drops: 0, avg time: 0.0ms, med: 0.0ms, 90th: 0.0ms, 99th: 0.0ms, 99.9th: 0.0ms	caller=stat/metrics.go:210
2023-06-13T23:41:00.310+08:00	[32;1m stat [0m	CPU: 0m, MEMORY: Alloc=3.4Mi, TotalAlloc=8.6Mi, Sys=18.8Mi, NumGC=25	caller=stat/usage.go:61
2023-06-13T23:41:00.325+08:00	[32;1m stat [0m	(api) shedding_stat [1m], cpu: 0, total: 0, pass: 0, drop: 0	caller=load/sheddingstat.go:61
2023-06-13T23:41:26.042+08:00	[32;1m stat [0m	(user) - qps: 0.0/s, drops: 0, avg time: 0.0ms, med: 0.0ms, 90th: 0.0ms, 99th: 0.0ms, 99.9th: 0.0ms	caller=stat/metrics.go:210
2023-06-13T23:42:00.312+08:00	[32;1m stat [0m	CPU: 0m, MEMORY: Alloc=3.5Mi, TotalAlloc=8.7Mi, Sys=18.8Mi, NumGC=26	caller=stat/usage.go:61
2023-06-13T23:42:00.327+08:00	[32;1m stat [0m	(api) shedding_stat [1m], cpu: 0, total: 0, pass: 0, drop: 0	caller=load/sheddingstat.go:61
2023-06-13T23:42:26.040+08:00	[32;1m stat [0m	(user) - qps: 0.0/s, drops: 0, avg time: 0.0ms, med: 0.0ms, 90th: 0.0ms, 99th: 0.0ms, 99.9th: 0.0ms	caller=stat/metrics.go:210
2023-06-13T23:43:00.305+08:00	[32;1m stat [0m	CPU: 0m, MEMORY: Alloc=3.5Mi, TotalAlloc=8.7Mi, Sys=18.8Mi, NumGC=26	caller=stat/usage.go:61
2023-06-13T23:43:00.337+08:00	[32;1m stat [0m	(api) shedding_stat [1m], cpu: 0, total: 0, pass: 0, drop: 0	caller=load/sheddingstat.go:61
2023-06-13T23:43:26.037+08:00	[32;1m stat [0m	(user) - qps: 0.0/s, drops: 0, avg time: 0.0ms, med: 0.0ms, 90th: 0.0ms, 99th: 0.0ms, 99.9th: 0.0ms	caller=stat/metrics.go:210
2023-06-13T23:44:00.303+08:00	[32;1m stat [0m	CPU: 0m, MEMORY: Alloc=3.4Mi, TotalAlloc=8.7Mi, Sys=18.8Mi, NumGC=27	caller=stat/usage.go:61
2023-06-13T23:44:00.333+08:00	[32;1m stat [0m	(api) shedding_stat [1m], cpu: 0, total: 0, pass: 0, drop: 0	caller=load/sheddingstat.go:61
2023-06-13T23:44:26.046+08:00	[32;1m stat [0m	(user) - qps: 0.0/s, drops: 0, avg time: 0.0ms, med: 0.0ms, 90th: 0.0ms, 99th: 0.0ms, 99.9th: 0.0ms	caller=stat/metrics.go:210
2023-06-13T23:45:00.307+08:00	[32;1m stat [0m	CPU: 0m, MEMORY: Alloc=3.4Mi, TotalAlloc=8.8Mi, Sys=18.8Mi, NumGC=27	caller=stat/usage.go:61
2023-06-13T23:45:00.338+08:00	[32;1m stat [0m	(api) shedding_stat [1m], cpu: 0, total: 0, pass: 0, drop: 0	caller=load/sheddingstat.go:61
2023-06-13T23:45:26.035+08:00	[32;1m stat [0m	(user) - qps: 0.0/s, drops: 0, avg time: 0.0ms, med: 0.0ms, 90th: 0.0ms, 99th: 0.0ms, 99.9th: 0.0ms	caller=stat/metrics.go:210
2023-06-13T23:46:00.299+08:00	[32;1m stat [0m	CPU: 0m, MEMORY: Alloc=3.4Mi, TotalAlloc=8.8Mi, Sys=18.8Mi, NumGC=28	caller=stat/usage.go:61
2023-06-13T23:46:00.331+08:00	[32;1m stat [0m	(api) shedding_stat [1m], cpu: 0, total: 0, pass: 0, drop: 0	caller=load/sheddingstat.go:61
2023-06-13T23:46:26.040+08:00	[32;1m stat [0m	(user) - qps: 0.0/s, drops: 0, avg time: 0.0ms, med: 0.0ms, 90th: 0.0ms, 99th: 0.0ms, 99.9th: 0.0ms	caller=stat/metrics.go:210
2023-06-13T23:47:00.314+08:00	[32;1m stat [0m	CPU: 0m, MEMORY: Alloc=3.5Mi, TotalAlloc=8.9Mi, Sys=18.8Mi, NumGC=28	caller=stat/usage.go:61
2023-06-13T23:47:00.330+08:00	[32;1m stat [0m	(api) shedding_stat [1m], cpu: 0, total: 0, pass: 0, drop: 0	caller=load/sheddingstat.go:61
2023-06-13T23:47:26.046+08:00	[32;1m stat [0m	(user) - qps: 0.0/s, drops: 0, avg time: 0.0ms, med: 0.0ms, 90th: 0.0ms, 99th: 0.0ms, 99.9th: 0.0ms	caller=stat/metrics.go:210
2023-06-13T23:48:00.311+08:00	[32;1m stat [0m	CPU: 0m, MEMORY: Alloc=3.4Mi, TotalAlloc=9.0Mi, Sys=18.8Mi, NumGC=29	caller=stat/usage.go:61
2023-06-13T23:48:00.327+08:00	[32;1m stat [0m	(api) shedding_stat [1m], cpu: 0, total: 0, pass: 0, drop: 0	caller=load/sheddingstat.go:61
2023-06-13T23:48:26.047+08:00	[32;1m stat [0m	(user) - qps: 0.0/s, drops: 0, avg time: 0.0ms, med: 0.0ms, 90th: 0.0ms, 99th: 0.0ms, 99.9th: 0.0ms	caller=stat/metrics.go:210
2023-06-13T23:49:00.310+08:00	[32;1m stat [0m	CPU: 0m, MEMORY: Alloc=3.4Mi, TotalAlloc=9.0Mi, Sys=18.8Mi, NumGC=29	caller=stat/usage.go:61
2023-06-13T23:49:00.326+08:00	[32;1m stat [0m	(api) shedding_stat [1m], cpu: 0, total: 0, pass: 0, drop: 0	caller=load/sheddingstat.go:61
2023-06-13T23:49:26.046+08:00	[32;1m stat [0m	(user) - qps: 0.0/s, drops: 0, avg time: 0.0ms, med: 0.0ms, 90th: 0.0ms, 99th: 0.0ms, 99.9th: 0.0ms	caller=stat/metrics.go:210
2023-06-13T23:50:00.301+08:00	[32;1m stat [0m	CPU: 0m, MEMORY: Alloc=3.4Mi, TotalAlloc=9.0Mi, Sys=18.8Mi, NumGC=30	caller=stat/usage.go:61
2023-06-13T23:50:00.331+08:00	[32;1m stat [0m	(api) shedding_stat [1m], cpu: 0, total: 0, pass: 0, drop: 0	caller=load/sheddingstat.go:61
2023-06-13T23:50:26.035+08:00	[32;1m stat [0m	(user) - qps: 0.0/s, drops: 0, avg time: 0.0ms, med: 0.0ms, 90th: 0.0ms, 99th: 0.0ms, 99.9th: 0.0ms	caller=stat/metrics.go:210
2023-06-13T23:51:00.309+08:00	[32;1m stat [0m	CPU: 0m, MEMORY: Alloc=3.4Mi, TotalAlloc=9.0Mi, Sys=18.8Mi, NumGC=30	caller=stat/usage.go:61
2023-06-13T23:51:00.325+08:00	[32;1m stat [0m	(api) shedding_stat [1m], cpu: 0, total: 0, pass: 0, drop: 0	caller=load/sheddingstat.go:61
2023-06-13T23:51:26.036+08:00	[32;1m stat [0m	(user) - qps: 0.0/s, drops: 0, avg time: 0.0ms, med: 0.0ms, 90th: 0.0ms, 99th: 0.0ms, 99.9th: 0.0ms	caller=stat/metrics.go:210
2023-06-13T23:52:00.308+08:00	[32;1m stat [0m	CPU: 0m, MEMORY: Alloc=3.5Mi, TotalAlloc=9.2Mi, Sys=18.8Mi, NumGC=31	caller=stat/usage.go:61
2023-06-13T23:52:00.338+08:00	[32;1m stat [0m	(api) shedding_stat [1m], cpu: 0, total: 0, pass: 0, drop: 0	caller=load/sheddingstat.go:61
2023-06-13T23:52:26.037+08:00	[32;1m stat [0m	(user) - qps: 0.0/s, drops: 0, avg time: 0.0ms, med: 0.0ms, 90th: 0.0ms, 99th: 0.0ms, 99.9th: 0.0ms	caller=stat/metrics.go:210
2023-06-14T14:39:14.575+08:00	[32;1m stat [0m	CPU: 0m, MEMORY: Alloc=4.0Mi, TotalAlloc=6.3Mi, Sys=18.3Mi, NumGC=2	caller=stat/usage.go:61
2023-06-14T14:39:14.654+08:00	[32;1m stat [0m	(api) shedding_stat [1m], cpu: 0, total: 0, pass: 0, drop: 0	caller=load/sheddingstat.go:61
2023-06-14T14:40:14.580+08:00	[32;1m stat [0m	CPU: 0m, MEMORY: Alloc=4.0Mi, TotalAlloc=6.4Mi, Sys=18.3Mi, NumGC=2	caller=stat/usage.go:61
2023-06-14T14:40:14.645+08:00	[32;1m stat [0m	(api) shedding_stat [1m], cpu: 0, total: 0, pass: 0, drop: 0	caller=load/sheddingstat.go:61
2023-06-14T14:41:14.569+08:00	[32;1m stat [0m	CPU: 0m, MEMORY: Alloc=3.3Mi, TotalAlloc=6.4Mi, Sys=18.8Mi, NumGC=3	caller=stat/usage.go:61
2023-06-14T14:41:14.646+08:00	[32;1m stat [0m	(api) shedding_stat [1m], cpu: 0, total: 0, pass: 0, drop: 0	caller=load/sheddingstat.go:61
2023-06-14T14:41:18.505+08:00	[32;1m stat [0m	p2c - conn: 192.168.107.1:8888, load: 8519, reqs: 1	caller=p2c/p2c.go:181
2023-06-14T14:42:14.575+08:00	[32;1m stat [0m	CPU: 0m, MEMORY: Alloc=3.5Mi, TotalAlloc=6.5Mi, Sys=18.8Mi, NumGC=3	caller=stat/usage.go:61
2023-06-14T14:42:14.651+08:00	[32;1m stat [0m	(api) shedding_stat [1m], cpu: 0, total: 1, pass: 1, drop: 0	caller=load/sheddingstat.go:61
2023-06-14T14:42:18.514+08:00	[32;1m stat [0m	(user) - qps: 0.0/s, drops: 0, avg time: 77.0ms, med: 77.7ms, 90th: 77.7ms, 99th: 77.7ms, 99.9th: 77.7ms	caller=stat/metrics.go:210
2023-06-14T14:43:14.567+08:00	[32;1m stat [0m	CPU: 0m, MEMORY: Alloc=3.4Mi, TotalAlloc=6.6Mi, Sys=18.8Mi, NumGC=4	caller=stat/usage.go:61
2023-06-14T14:43:14.660+08:00	[32;1m stat [0m	(api) shedding_stat [1m], cpu: 0, total: 0, pass: 0, drop: 0	caller=load/sheddingstat.go:61
2023-06-14T14:43:18.507+08:00	[32;1m stat [0m	(user) - qps: 0.0/s, drops: 0, avg time: 0.0ms, med: 0.0ms, 90th: 0.0ms, 99th: 0.0ms, 99.9th: 0.0ms	caller=stat/metrics.go:210
2023-06-14T14:44:14.579+08:00	[32;1m stat [0m	CPU: 0m, MEMORY: Alloc=3.4Mi, TotalAlloc=6.6Mi, Sys=18.8Mi, NumGC=4	caller=stat/usage.go:61
2023-06-14T14:44:14.655+08:00	[32;1m stat [0m	(api) shedding_stat [1m], cpu: 0, total: 0, pass: 0, drop: 0	caller=load/sheddingstat.go:61
2023-06-14T14:44:18.521+08:00	[32;1m stat [0m	(user) - qps: 0.0/s, drops: 0, avg time: 0.0ms, med: 0.0ms, 90th: 0.0ms, 99th: 0.0ms, 99.9th: 0.0ms	caller=stat/metrics.go:210
2023-06-14T14:45:14.569+08:00	[32;1m stat [0m	CPU: 0m, MEMORY: Alloc=3.4Mi, TotalAlloc=6.6Mi, Sys=18.8Mi, NumGC=5	caller=stat/usage.go:61
2023-06-14T14:45:14.646+08:00	[32;1m stat [0m	(api) shedding_stat [1m], cpu: 0, total: 0, pass: 0, drop: 0	caller=load/sheddingstat.go:61
2023-06-14T14:45:18.519+08:00	[32;1m stat [0m	(user) - qps: 0.0/s, drops: 0, avg time: 0.0ms, med: 0.0ms, 90th: 0.0ms, 99th: 0.0ms, 99.9th: 0.0ms	caller=stat/metrics.go:210
2023-06-14T14:46:14.567+08:00	[32;1m stat [0m	CPU: 0m, MEMORY: Alloc=3.4Mi, TotalAlloc=6.6Mi, Sys=18.8Mi, NumGC=5	caller=stat/usage.go:61
2023-06-14T14:46:14.659+08:00	[32;1m stat [0m	(api) shedding_stat [1m], cpu: 0, total: 0, pass: 0, drop: 0	caller=load/sheddingstat.go:61
2023-06-14T14:46:18.510+08:00	[32;1m stat [0m	(user) - qps: 0.0/s, drops: 0, avg time: 0.0ms, med: 0.0ms, 90th: 0.0ms, 99th: 0.0ms, 99.9th: 0.0ms	caller=stat/metrics.go:210
2023-06-14T14:47:14.574+08:00	[32;1m stat [0m	CPU: 0m, MEMORY: Alloc=3.5Mi, TotalAlloc=6.8Mi, Sys=18.8Mi, NumGC=6	caller=stat/usage.go:61
2023-06-14T14:47:14.653+08:00	[32;1m stat [0m	(api) shedding_stat [1m], cpu: 0, total: 0, pass: 0, drop: 0	caller=load/sheddingstat.go:61
2023-06-14T14:47:18.521+08:00	[32;1m stat [0m	(user) - qps: 0.0/s, drops: 0, avg time: 0.0ms, med: 0.0ms, 90th: 0.0ms, 99th: 0.0ms, 99.9th: 0.0ms	caller=stat/metrics.go:210
2023-06-14T14:48:14.576+08:00	[32;1m stat [0m	CPU: 0m, MEMORY: Alloc=3.5Mi, TotalAlloc=6.8Mi, Sys=18.8Mi, NumGC=6	caller=stat/usage.go:61
2023-06-14T14:48:14.654+08:00	[32;1m stat [0m	(api) shedding_stat [1m], cpu: 0, total: 0, pass: 0, drop: 0	caller=load/sheddingstat.go:61
2023-06-14T14:48:18.514+08:00	[32;1m stat [0m	(user) - qps: 0.0/s, drops: 0, avg time: 0.0ms, med: 0.0ms, 90th: 0.0ms, 99th: 0.0ms, 99.9th: 0.0ms	caller=stat/metrics.go:210
2023-06-14T14:49:14.575+08:00	[32;1m stat [0m	CPU: 0m, MEMORY: Alloc=3.4Mi, TotalAlloc=6.8Mi, Sys=18.8Mi, NumGC=7	caller=stat/usage.go:61
2023-06-14T14:49:14.651+08:00	[32;1m stat [0m	(api) shedding_stat [1m], cpu: 0, total: 0, pass: 0, drop: 0	caller=load/sheddingstat.go:61
2023-06-14T14:49:18.519+08:00	[32;1m stat [0m	(user) - qps: 0.0/s, drops: 0, avg time: 0.0ms, med: 0.0ms, 90th: 0.0ms, 99th: 0.0ms, 99.9th: 0.0ms	caller=stat/metrics.go:210
2023-06-14T14:50:14.575+08:00	[32;1m stat [0m	CPU: 0m, MEMORY: Alloc=3.4Mi, TotalAlloc=6.8Mi, Sys=18.8Mi, NumGC=7	caller=stat/usage.go:61
2023-06-14T14:50:14.651+08:00	[32;1m stat [0m	(api) shedding_stat [1m], cpu: 0, total: 0, pass: 0, drop: 0	caller=load/sheddingstat.go:61
2023-06-14T14:50:18.517+08:00	[32;1m stat [0m	(user) - qps: 0.0/s, drops: 0, avg time: 0.0ms, med: 0.0ms, 90th: 0.0ms, 99th: 0.0ms, 99.9th: 0.0ms	caller=stat/metrics.go:210
2023-06-14T14:51:14.569+08:00	[32;1m stat [0m	CPU: 0m, MEMORY: Alloc=3.4Mi, TotalAlloc=6.9Mi, Sys=18.8Mi, NumGC=8	caller=stat/usage.go:61
2023-06-14T14:51:14.645+08:00	[32;1m stat [0m	(api) shedding_stat [1m], cpu: 0, total: 0, pass: 0, drop: 0	caller=load/sheddingstat.go:61
2023-06-14T14:51:18.515+08:00	[32;1m stat [0m	(user) - qps: 0.0/s, drops: 0, avg time: 0.0ms, med: 0.0ms, 90th: 0.0ms, 99th: 0.0ms, 99.9th: 0.0ms	caller=stat/metrics.go:210
2023-06-14T14:52:14.570+08:00	[32;1m stat [0m	CPU: 0m, MEMORY: Alloc=3.5Mi, TotalAlloc=7.0Mi, Sys=18.8Mi, NumGC=8	caller=stat/usage.go:61
2023-06-14T14:52:14.648+08:00	[32;1m stat [0m	(api) shedding_stat [1m], cpu: 0, total: 0, pass: 0, drop: 0	caller=load/sheddingstat.go:61
2023-06-14T14:52:18.511+08:00	[32;1m stat [0m	(user) - qps: 0.0/s, drops: 0, avg time: 0.0ms, med: 0.0ms, 90th: 0.0ms, 99th: 0.0ms, 99.9th: 0.0ms	caller=stat/metrics.go:210
2023-06-14T14:53:14.572+08:00	[32;1m stat [0m	CPU: 0m, MEMORY: Alloc=3.4Mi, TotalAlloc=7.0Mi, Sys=18.8Mi, NumGC=9	caller=stat/usage.go:61
2023-06-14T14:53:14.647+08:00	[32;1m stat [0m	(api) shedding_stat [1m], cpu: 0, total: 0, pass: 0, drop: 0	caller=load/sheddingstat.go:61
2023-06-14T14:53:18.520+08:00	[32;1m stat [0m	(user) - qps: 0.0/s, drops: 0, avg time: 0.0ms, med: 0.0ms, 90th: 0.0ms, 99th: 0.0ms, 99.9th: 0.0ms	caller=stat/metrics.go:210
2023-06-14T14:54:14.572+08:00	[32;1m stat [0m	CPU: 0m, MEMORY: Alloc=3.4Mi, TotalAlloc=7.1Mi, Sys=18.8Mi, NumGC=9	caller=stat/usage.go:61
2023-06-14T14:54:14.649+08:00	[32;1m stat [0m	(api) shedding_stat [1m], cpu: 0, total: 0, pass: 0, drop: 0	caller=load/sheddingstat.go:61
2023-06-14T14:54:18.508+08:00	[32;1m stat [0m	(user) - qps: 0.0/s, drops: 0, avg time: 0.0ms, med: 0.0ms, 90th: 0.0ms, 99th: 0.0ms, 99.9th: 0.0ms	caller=stat/metrics.go:210
2023-06-14T14:55:14.577+08:00	[32;1m stat [0m	CPU: 0m, MEMORY: Alloc=3.4Mi, TotalAlloc=7.1Mi, Sys=18.8Mi, NumGC=10	caller=stat/usage.go:61
2023-06-14T14:55:14.653+08:00	[32;1m stat [0m	(api) shedding_stat [1m], cpu: 0, total: 0, pass: 0, drop: 0	caller=load/sheddingstat.go:61
2023-06-14T14:55:18.512+08:00	[32;1m stat [0m	(user) - qps: 0.0/s, drops: 0, avg time: 0.0ms, med: 0.0ms, 90th: 0.0ms, 99th: 0.0ms, 99.9th: 0.0ms	caller=stat/metrics.go:210
2023-06-14T14:56:14.579+08:00	[32;1m stat [0m	CPU: 0m, MEMORY: Alloc=3.4Mi, TotalAlloc=7.1Mi, Sys=18.8Mi, NumGC=10	caller=stat/usage.go:61
2023-06-14T14:56:14.656+08:00	[32;1m stat [0m	(api) shedding_stat [1m], cpu: 0, total: 0, pass: 0, drop: 0	caller=load/sheddingstat.go:61
2023-06-14T14:56:18.519+08:00	[32;1m stat [0m	(user) - qps: 0.0/s, drops: 0, avg time: 0.0ms, med: 0.0ms, 90th: 0.0ms, 99th: 0.0ms, 99.9th: 0.0ms	caller=stat/metrics.go:210
2023-06-14T14:57:14.573+08:00	[32;1m stat [0m	CPU: 0m, MEMORY: Alloc=3.5Mi, TotalAlloc=7.2Mi, Sys=18.8Mi, NumGC=11	caller=stat/usage.go:61
2023-06-14T14:57:14.652+08:00	[32;1m stat [0m	(api) shedding_stat [1m], cpu: 0, total: 0, pass: 0, drop: 0	caller=load/sheddingstat.go:61
2023-06-14T14:57:18.507+08:00	[32;1m stat [0m	(user) - qps: 0.0/s, drops: 0, avg time: 0.0ms, med: 0.0ms, 90th: 0.0ms, 99th: 0.0ms, 99.9th: 0.0ms	caller=stat/metrics.go:210
2023-06-14T14:58:14.572+08:00	[32;1m stat [0m	CPU: 0m, MEMORY: Alloc=3.5Mi, TotalAlloc=7.3Mi, Sys=18.8Mi, NumGC=11	caller=stat/usage.go:61
2023-06-14T14:58:14.652+08:00	[32;1m stat [0m	(api) shedding_stat [1m], cpu: 0, total: 0, pass: 0, drop: 0	caller=load/sheddingstat.go:61
2023-06-14T14:58:18.511+08:00	[32;1m stat [0m	(user) - qps: 0.0/s, drops: 0, avg time: 0.0ms, med: 0.0ms, 90th: 0.0ms, 99th: 0.0ms, 99.9th: 0.0ms	caller=stat/metrics.go:210
2023-06-14T14:59:14.576+08:00	[32;1m stat [0m	CPU: 0m, MEMORY: Alloc=3.4Mi, TotalAlloc=7.3Mi, Sys=18.8Mi, NumGC=12	caller=stat/usage.go:61
2023-06-14T14:59:14.653+08:00	[32;1m stat [0m	(api) shedding_stat [1m], cpu: 0, total: 0, pass: 0, drop: 0	caller=load/sheddingstat.go:61
2023-06-14T14:59:18.520+08:00	[32;1m stat [0m	(user) - qps: 0.0/s, drops: 0, avg time: 0.0ms, med: 0.0ms, 90th: 0.0ms, 99th: 0.0ms, 99.9th: 0.0ms	caller=stat/metrics.go:210
2023-06-14T15:00:14.573+08:00	[32;1m stat [0m	CPU: 0m, MEMORY: Alloc=3.4Mi, TotalAlloc=7.3Mi, Sys=18.8Mi, NumGC=12	caller=stat/usage.go:61
2023-06-14T15:00:14.652+08:00	[32;1m stat [0m	(api) shedding_stat [1m], cpu: 0, total: 0, pass: 0, drop: 0	caller=load/sheddingstat.go:61
2023-06-14T15:00:18.516+08:00	[32;1m stat [0m	(user) - qps: 0.0/s, drops: 0, avg time: 0.0ms, med: 0.0ms, 90th: 0.0ms, 99th: 0.0ms, 99.9th: 0.0ms	caller=stat/metrics.go:210
2023-06-14T15:01:14.581+08:00	[32;1m stat [0m	CPU: 0m, MEMORY: Alloc=3.4Mi, TotalAlloc=7.3Mi, Sys=18.8Mi, NumGC=13	caller=stat/usage.go:61
2023-06-14T15:01:14.656+08:00	[32;1m stat [0m	(api) shedding_stat [1m], cpu: 0, total: 0, pass: 0, drop: 0	caller=load/sheddingstat.go:61
2023-06-14T15:01:18.516+08:00	[32;1m stat [0m	(user) - qps: 0.0/s, drops: 0, avg time: 0.0ms, med: 0.0ms, 90th: 0.0ms, 99th: 0.0ms, 99.9th: 0.0ms	caller=stat/metrics.go:210
2023-06-14T15:02:14.565+08:00	[32;1m stat [0m	CPU: 0m, MEMORY: Alloc=3.5Mi, TotalAlloc=7.5Mi, Sys=18.8Mi, NumGC=13	caller=stat/usage.go:61
2023-06-14T15:02:14.656+08:00	[32;1m stat [0m	(api) shedding_stat [1m], cpu: 0, total: 0, pass: 0, drop: 0	caller=load/sheddingstat.go:61
2023-06-14T15:02:18.516+08:00	[32;1m stat [0m	(user) - qps: 0.0/s, drops: 0, avg time: 0.0ms, med: 0.0ms, 90th: 0.0ms, 99th: 0.0ms, 99.9th: 0.0ms	caller=stat/metrics.go:210
2023-06-14T15:03:14.571+08:00	[32;1m stat [0m	CPU: 0m, MEMORY: Alloc=3.4Mi, TotalAlloc=7.5Mi, Sys=18.8Mi, NumGC=14	caller=stat/usage.go:61
2023-06-14T15:03:14.650+08:00	[32;1m stat [0m	(api) shedding_stat [1m], cpu: 0, total: 0, pass: 0, drop: 0	caller=load/sheddingstat.go:61
2023-06-14T15:03:18.507+08:00	[32;1m stat [0m	(user) - qps: 0.0/s, drops: 0, avg time: 0.0ms, med: 0.0ms, 90th: 0.0ms, 99th: 0.0ms, 99.9th: 0.0ms	caller=stat/metrics.go:210
2023-06-14T15:04:14.573+08:00	[32;1m stat [0m	CPU: 0m, MEMORY: Alloc=3.4Mi, TotalAlloc=7.5Mi, Sys=18.8Mi, NumGC=14	caller=stat/usage.go:61
2023-06-14T15:04:14.652+08:00	[32;1m stat [0m	(api) shedding_stat [1m], cpu: 0, total: 0, pass: 0, drop: 0	caller=load/sheddingstat.go:61
2023-06-14T15:04:18.513+08:00	[32;1m stat [0m	(user) - qps: 0.0/s, drops: 0, avg time: 0.0ms, med: 0.0ms, 90th: 0.0ms, 99th: 0.0ms, 99.9th: 0.0ms	caller=stat/metrics.go:210
2023-06-14T15:05:14.572+08:00	[32;1m stat [0m	CPU: 0m, MEMORY: Alloc=3.4Mi, TotalAlloc=7.5Mi, Sys=18.8Mi, NumGC=15	caller=stat/usage.go:61
2023-06-14T15:05:14.652+08:00	[32;1m stat [0m	(api) shedding_stat [1m], cpu: 0, total: 0, pass: 0, drop: 0	caller=load/sheddingstat.go:61
2023-06-14T15:05:18.508+08:00	[32;1m stat [0m	(user) - qps: 0.0/s, drops: 0, avg time: 0.0ms, med: 0.0ms, 90th: 0.0ms, 99th: 0.0ms, 99.9th: 0.0ms	caller=stat/metrics.go:210
2023-06-14T15:06:14.575+08:00	[32;1m stat [0m	CPU: 0m, MEMORY: Alloc=3.4Mi, TotalAlloc=7.6Mi, Sys=18.8Mi, NumGC=15	caller=stat/usage.go:61
2023-06-14T15:06:14.652+08:00	[32;1m stat [0m	(api) shedding_stat [1m], cpu: 0, total: 0, pass: 0, drop: 0	caller=load/sheddingstat.go:61
2023-06-14T15:06:18.519+08:00	[32;1m stat [0m	(user) - qps: 0.0/s, drops: 0, avg time: 0.0ms, med: 0.0ms, 90th: 0.0ms, 99th: 0.0ms, 99.9th: 0.0ms	caller=stat/metrics.go:210
2023-06-14T15:07:14.567+08:00	[32;1m stat [0m	CPU: 0m, MEMORY: Alloc=3.5Mi, TotalAlloc=7.7Mi, Sys=18.8Mi, NumGC=16	caller=stat/usage.go:61
2023-06-14T15:07:14.645+08:00	[32;1m stat [0m	(api) shedding_stat [1m], cpu: 0, total: 0, pass: 0, drop: 0	caller=load/sheddingstat.go:61
2023-06-14T15:07:18.519+08:00	[32;1m stat [0m	(user) - qps: 0.0/s, drops: 0, avg time: 0.0ms, med: 0.0ms, 90th: 0.0ms, 99th: 0.0ms, 99.9th: 0.0ms	caller=stat/metrics.go:210
2023-06-14T15:08:14.577+08:00	[32;1m stat [0m	CPU: 0m, MEMORY: Alloc=3.5Mi, TotalAlloc=7.7Mi, Sys=18.8Mi, NumGC=16	caller=stat/usage.go:61
2023-06-14T15:08:14.657+08:00	[32;1m stat [0m	(api) shedding_stat [1m], cpu: 0, total: 0, pass: 0, drop: 0	caller=load/sheddingstat.go:61
2023-06-14T15:08:18.514+08:00	[32;1m stat [0m	(user) - qps: 0.0/s, drops: 0, avg time: 0.0ms, med: 0.0ms, 90th: 0.0ms, 99th: 0.0ms, 99.9th: 0.0ms	caller=stat/metrics.go:210
2023-06-14T15:09:14.566+08:00	[32;1m stat [0m	CPU: 0m, MEMORY: Alloc=3.4Mi, TotalAlloc=7.8Mi, Sys=18.8Mi, NumGC=17	caller=stat/usage.go:61
2023-06-14T15:09:14.645+08:00	[32;1m stat [0m	(api) shedding_stat [1m], cpu: 0, total: 0, pass: 0, drop: 0	caller=load/sheddingstat.go:61
2023-06-14T15:09:18.517+08:00	[32;1m stat [0m	(user) - qps: 0.0/s, drops: 0, avg time: 0.0ms, med: 0.0ms, 90th: 0.0ms, 99th: 0.0ms, 99.9th: 0.0ms	caller=stat/metrics.go:210
2023-06-14T15:27:56.242+08:00	[32;1m stat [0m	p2c - conn: 192.168.107.1:8888, load: 11638, reqs: 1	caller=p2c/p2c.go:181
2023-06-14T15:27:57.532+08:00	[32;1m stat [0m	CPU: 0m, MEMORY: Alloc=3.4Mi, TotalAlloc=6.4Mi, Sys=22.4Mi, NumGC=3	caller=stat/usage.go:61
2023-06-14T15:27:57.564+08:00	[32;1m stat [0m	(api) shedding_stat [1m], cpu: 0, total: 1, pass: 1, drop: 0	caller=load/sheddingstat.go:61
2023-06-16T18:40:50.380+08:00	[32;1m stat [0m	p2c - conn: 192.168.107.1:8888, load: 14248, reqs: 1	caller=p2c/p2c.go:181
2023-06-16T18:41:41.585+08:00	[32;1m stat [0m	CPU: 0m, MEMORY: Alloc=3.4Mi, TotalAlloc=6.5Mi, Sys=22.9Mi, NumGC=3	caller=stat/usage.go:61
2023-06-16T18:41:41.624+08:00	[32;1m stat [0m	(api) shedding_stat [1m], cpu: 0, total: 1, pass: 1, drop: 0	caller=load/sheddingstat.go:61
2023-06-16T18:41:50.381+08:00	[32;1m stat [0m	(user) - qps: 0.0/s, drops: 0, avg time: 204.0ms, med: 204.7ms, 90th: 204.7ms, 99th: 204.7ms, 99.9th: 204.7ms	caller=stat/metrics.go:210
2023-06-16T18:42:41.580+08:00	[32;1m stat [0m	CPU: 0m, MEMORY: Alloc=3.5Mi, TotalAlloc=6.5Mi, Sys=22.9Mi, NumGC=3	caller=stat/usage.go:61
2023-06-16T18:42:41.627+08:00	[32;1m stat [0m	(api) shedding_stat [1m], cpu: 0, total: 0, pass: 0, drop: 0	caller=load/sheddingstat.go:61
2023-06-16T18:42:50.387+08:00	[32;1m stat [0m	(user) - qps: 0.0/s, drops: 0, avg time: 0.0ms, med: 0.0ms, 90th: 0.0ms, 99th: 0.0ms, 99.9th: 0.0ms	caller=stat/metrics.go:210
2023-06-16T18:43:41.581+08:00	[32;1m stat [0m	CPU: 0m, MEMORY: Alloc=3.4Mi, TotalAlloc=6.5Mi, Sys=22.9Mi, NumGC=4	caller=stat/usage.go:61
2023-06-16T18:43:41.622+08:00	[32;1m stat [0m	(api) shedding_stat [1m], cpu: 0, total: 0, pass: 0, drop: 0	caller=load/sheddingstat.go:61
2023-06-16T18:43:50.389+08:00	[32;1m stat [0m	(user) - qps: 0.0/s, drops: 0, avg time: 0.0ms, med: 0.0ms, 90th: 0.0ms, 99th: 0.0ms, 99.9th: 0.0ms	caller=stat/metrics.go:210
